
ASEM-51 V1.3                                         Copyright (c) 2002 by W.W. Heinz                                         PAGE 1





       MCS-51 Family Macro Assembler   A S E M - 5 1   V 1.3
       =====================================================



	Source File:	C:\Users\Dell\Downloads\DEMO.ASM
	Object File:	C:\Users\Dell\Downloads\DEMO.hex
	List File:	C:\Users\Dell\Downloads\DEMO.lst



 Line  I  Addr  Code            Source

    1:		N      0000	ORG 0000H
    2:	  0000	75 81 70	MOV SP, #70H
    3:	  0003	75 D0 00	MOV PSW, #00H
    4:		B      0084	LED EQU P0.4 ; Define BUZZER pin
    5:		B      0095	LED25 EQU P1.5
    6:		B      0096	LED50 EQU P1.6
    7:		B      0097	LED75 EQU P1.7
    8:		B      0083	LED100 EQU P0.3
    9:				;-------------------------------------------------------------
   10:		B      0091	RS EQU P1.1
   11:		B      0092	EN EQU P1.2
   12:				;-------------------------------------------------------------
   13:	  0006			INITIALIZATION:
   14:	  0006	75 80 00	MOV P0, #00H
   15:	  0009	75 90 00	MOV P1, #00H
   16:	  000C	75 A0 00	MOV P2, #00H
   17:	  000F	75 B0 FE	MOV P3, #0FEH ;11111110
   18:	  0012	D2 84		SETB LED
   19:				;-------------------------------------------------------------
   20:
   21:				;--------------------------------------------------------------
   22:	  0014			LCD_INIT:
   23:	  0014	7A 38		MOV R2, #38H ;INITIALIZING LCD, 2 LINES, 5X7 MATRIX
   24:	  0016	11 B3		ACALL COMMAND ;CALLING COMMAND SUBROUTINE
   25:
   26:	  0018	7A 0E		MOV R2, #0EH ;DISPLAY ON, CURSOR ON
   27:	  001A	11 B3		ACALL COMMAND
   28:
   29:	  001C	7A 01		MOV R2, #01H ;CLEARING SCREEN
   30:	  001E	11 B3		ACALL COMMAND
   31:	  0020	74 06		MOV A,#06H ;INCREMENT CURSOR POSITION
   32:	  0022	11 B3		ACALL COMMAND
   33:	  0024	7A 80		MOV R2, #80H ;CURSOR AT START OF 1ST LINE
   34:	  0026	11 B3		ACALL COMMAND
   35:	  0028	74 3C		MOV A,#3CH
   36:	  002A	11 B3		ACALL COMMAND
   37:	  002C	90 05 89	MOV DPTR,#MSG ;Display Starting message
   38:	  002F	11 96		ACALL LCD_PRINT ;Subroutine for displaying in LCD
   39:	  0031	90 05 92	MOV DPTR,#MSG2
   40:	  0034	11 96		ACALL LCD_PRINT
   41:	  0036	7A 01		MOV R2,#01H
   42:	  0038	11 B3		ACALL COMMAND
   43:	  003A	90 05 9E	MOV DPTR,#MSG3 ;Display Starting message

ASEM-51 V1.3                                         Copyright (c) 2002 by W.W. Heinz                                         PAGE 2



 Line  I  Addr  Code            Source

   44:	  003D	11 96		ACALL LCD_PRINT ;Subroutine for displaying in LCD
   45:	  003F	90 05 A3	MOV DPTR,#MSG4
   46:	  0042	11 96		ACALL LCD_PRINT
   47:
   48:	  0044	7A 01		MOV R2,#01H
   49:	  0046	11 B3		ACALL COMMAND
   50:	  0048	90 05 AA	MOV DPTR,#MSG5 ;Display Starting message
   51:	  004B	11 96		ACALL LCD_PRINT ;Subroutine for displaying in LCD
   52:	  004D	90 05 B1	MOV DPTR,#MSG6
   53:	  0050	11 96		ACALL LCD_PRINT
   54:
   55:	  0052	7A 01		MOV R2,#01H
   56:	  0054	11 B3		ACALL COMMAND
   57:	  0056	90 05 B8	MOV DPTR,#MSG7 ;Display Starting message
   58:	  0059	11 96		ACALL LCD_PRINT ;Subroutine for displaying in LCD
   59:	  005B	90 05 C0	MOV DPTR,#MSG8
   60:	  005E	11 96		ACALL LCD_PRINT
   61:
   62:	  0060	7A 01		MOV R2,#01H
   63:	  0062	11 B3		ACALL COMMAND
   64:	  0064	90 05 C7	MOV DPTR,#MSG9 ;Display Starting message
   65:	  0067	11 96		ACALL LCD_PRINT ;Subroutine for displaying in LCD
   66:	  0069	90 05 CD	MOV DPTR,#MSG10
   67:	  006C	11 96		ACALL LCD_PRINT
   68:
   69:	  006E	7A 01		MOV R2,#01H
   70:	  0070	11 B3		ACALL COMMAND
   71:	  0072	90 05 D4	MOV DPTR,#MSG11 ;Display Starting message
   72:	  0075	11 96		ACALL LCD_PRINT ;Subroutine for displaying in LCD
   73:	  0077	90 05 DD	MOV DPTR,#MSG12
   74:	  007A	11 96		ACALL LCD_PRINT
   75:
   76:	  007C	7A 01		MOV R2, #01H
   77:	  007E	11 B3		ACALL COMMAND
   78:	  0080	90 06 07	MOV DPTR,#START1 ;Display Starting message
   79:	  0083	11 96		ACALL LCD_PRINT ;Subroutine for displaying in LCD
   80:	  0085	90 06 15	MOV DPTR,#START2
   81:	  0088	11 96		ACALL LCD_PRINT
   82:	  008A	7A 01		MOV R2, #01H
   83:	  008C	11 B3		ACALL COMMAND
   84:	  008E	90 06 30	MOV DPTR,#ACTIVE
   85:	  0091	11 96		ACALL LCD_PRINT
   86:	  0093	02 00 CD	LJMP DECISION
   87:
   88:				;LCD display subroutine-----------------------------------------
   89:	  0096			LCD_PRINT:
   90:	  0096			LOOP:
   91:	  0096	E4		CLR A
   92:	  0097	93		MOVC A, @A+DPTR
   93:	  0098	FA		MOV R2, A
   94:	  0099	60 08		JZ EXIT ;stop writing when null char is detected
   95:	  009B	11 A8		ACALL DISPLAY ;main display part
   96:	  009D	11 C0		ACALL DELAY ;giving a short delay for LCD
   97:	  009F	A3		INC DPTR
   98:	  00A0	02 00 96	LJMP LOOP
   99:	  00A3			EXIT:

ASEM-51 V1.3                                         Copyright (c) 2002 by W.W. Heinz                                         PAGE 3



 Line  I  Addr  Code            Source

  100:	  00A3	7A C0		MOV R2, #0C0H ;go to the 2nd line of LCD
  101:	  00A5	11 B3		ACALL COMMAND
  102:	  00A7	22		RET
  103:
  104:	  00A8			DISPLAY:
  105:	  00A8	8A A0		MOV P2, R2 ;subroutine for displaying in LCD
  106:	  00AA	D2 91		SETB RS ;RW is grounded in Hardware
  107:	  00AC	D2 92		SETB EN
  108:	  00AE	11 C0		ACALL DELAY
  109:	  00B0	C2 92		CLR EN
  110:	  00B2	22		RET
  111:				;---------------------------------------------------------------
  112:	  00B3			COMMAND:
  113:	  00B3	8A A0		MOV P2, R2 ;giving instructions to LCD
  114:	  00B5	C2 91		CLR RS
  115:	  00B7	D2 92		SETB EN
  116:	  00B9	11 C0		ACALL DELAY
  117:	  00BB	C2 92		CLR EN
  118:	  00BD	11 C0		ACALL DELAY
  119:	  00BF	22		RET
  120:				;---------------------------------------------------------------
  121:	  00C0			DELAY:
  122:	  00C0	75 52 64	MOV 52H, #100 ;50 ms delay (approx)
  123:	  00C3	75 51 FF	D1: MOV 51H, #255
  124:	  00C6	D5 51 FD	DJNZ 51H, $
  125:	  00C9	D5 52 F7	DJNZ 52H, D1
  126:	  00CC	22		RET
  127:				;---------------------------------------------------------------
  128:
  129:				;---------------------------------------------------------------
  130:	  00CD			DECISION:
  131:	  00CD	02 00 D0	LJMP MOTOR_ROTATION ;Start Motor part
  132:
  133:				;MOTOR PART------------------------------------------------------
  134:	  00D0			MOTOR_ROTATION:
  135:	  00D0	D2 90		SETB P1.0
  136:	  00D2	D2 93		SETB P1.3 ;Input to motor driver
  137:	  00D4	C2 94		CLR P1.4 ;Clockwise direction
  138:				;---------------------------------------------------------------
  139:	  00D6			STARTUP_MOTOR:
  140:	  00D6	7A 01		MOV R2, #01H
  141:	  00D8	11 B3		ACALL COMMAND
  142:	  00DA	90 05 16	MOV DPTR, #INT_MSG ;print 'ENTER RPM LEVEL'
  143:	  00DD	12 00 96	LCALL LCD_PRINT
  144:	  00E0	7A 01		MOV R2, #01H
  145:	  00E2	11 B3		ACALL COMMAND
  146:	  00E4	90 06 3C	MOV DPTR, #LEVEL ;print 'LEVEL: 1 TO A'
  147:	  00E7	12 00 96	LCALL LCD_PRINT
  148:	  00EA	12 00 C0	LCALL DELAY
  149:	  00ED	90 06 4B	MOV DPTR, #STOP ;print 'PRESS 0 TO STOP'
  150:	  00F0	12 00 96	LCALL LCD_PRINT
  151:	  00F3	90 06 7D	MOV DPTR, #ACLCL
  152:	  00F6	12 00 96	LCALL LCD_PRINT
  153:
  154:				;keyboard RPM Input Scanning------------------------------------
  155:				;---------------------------------------------------------------

ASEM-51 V1.3                                         Copyright (c) 2002 by W.W. Heinz                                         PAGE 4



 Line  I  Addr  Code            Source

  156:				;SCANNING ALL COLUMN ------------------------------------------
  157:	  00F9			ML:
  158:	  00F9	30 B0 0B	JNB P3.0, CC1
  159:	  00FC	30 B1 1A	JNB P3.1, CC2
  160:	  00FF	30 B2 29	JNB P3.2, CC3
  161:	  0102	30 B3 38	JNB P3.3, CC4
  162:	  0105	80 F2		SJMP ML
  163:				;---------------------------------------------------------------
  164:				;SCANNING COLUMN1 ----------------------------------------------
  165:	  0107			CC1:
  166:	  0107	30 B4 49	JNB P3.4, JMP_TO_1
  167:	  010A	30 B5 49	JNB P3.5, JMP_TO_2
  168:	  010D	30 B6 49	JNB P3.6, JMP_TO_3
  169:	  0110	30 B7 5B	JNB P3.7, JMP_TO_A
  170:
  171:	  0113	D2 B0		SETB P3.0
  172:	  0115	C2 B1		CLR P3.1
  173:	  0117	80 E0		SJMP ML
  174:				;SCANNING COLUMN2 ---------------------------------------------
  175:
  176:	  0119			CC2:
  177:	  0119	30 B4 40	JNB P3.4, JMP_TO_4
  178:	  011C	30 B5 40	JNB P3.5, JMP_TO_5
  179:	  011F	30 B6 40	JNB P3.6, JMP_TO_6
  180:	  0122	30 B7 4C	JNB P3.7, JMP_TO_B
  181:
  182:	  0125	D2 B1		SETB P3.1
  183:	  0127	C2 B2		CLR P3.2
  184:	  0129	80 CE		SJMP ML
  185:				;SCANNING COLUMN3 ---------------------------------------------
  186:
  187:	  012B			CC3:
  188:	  012B	30 B4 37	JNB P3.4, JMP_TO_7
  189:	  012E	30 B5 37	JNB P3.5, JMP_TO_8
  190:	  0131	30 B6 37	JNB P3.6, JMP_TO_9
  191:	  0134	30 B7 3D	JNB P3.7, JMP_TO_C
  192:
  193:	  0137	D2 B2		SETB P3.2
  194:	  0139	C2 B3		CLR P3.3
  195:	  013B	80 BC		SJMP ML
  196:				;SCANNING COLUMN4 ---------------------------------------------
  197:
  198:	  013D			CC4:
  199:	  013D	30 B4 3D	JNB P3.4, JMP_TO_F
  200:	  0140	30 B5 0D	JNB P3.5, JMP_TO_0
  201:	  0143	30 B6 34	JNB P3.6, JMP_TO_E
  202:	  0146	30 B7 2E	JNB P3.7, JMP_TO_D
  203:
  204:	  0149	D2 B3		SETB P3.3
  205:	  014B	C2 B0		CLR P3.0
  206:	  014D	02 00 F9	LJMP ML
  207:				;---------------------------------------------------------------
  208:	  0150	02 01 80	JMP_TO_0: LJMP M_0 ;MOTOR OFF
  209:	  0153	02 01 91	JMP_TO_1: LJMP M_1 ;LEVEL 1
  210:	  0156	02 01 AD	JMP_TO_2: LJMP M_2 ;LEVEL 2
  211:	  0159	02 01 C9	JMP_TO_3: LJMP M_3 ;LEVEL 3

ASEM-51 V1.3                                         Copyright (c) 2002 by W.W. Heinz                                         PAGE 5



 Line  I  Addr  Code            Source

  212:	  015C	02 00 F9	JMP_TO_4: LJMP ML ;NOT NEEDED
  213:	  015F	02 00 F9	JMP_TO_5: LJMP ML ;continue scanning
  214:	  0162	02 00 F9	JMP_TO_6: LJMP ML
  215:	  0165	02 00 F9	JMP_TO_7: LJMP ML
  216:	  0168	02 00 F9	JMP_TO_8: LJMP ML
  217:	  016B	02 00 F9	JMP_TO_9: LJMP ML
  218:	  016E	02 01 E5	JMP_TO_A: LJMP M_A ;LEVEL 4
  219:	  0171	02 00 F9	JMP_TO_B: LJMP ML
  220:	  0174	02 00 F9	JMP_TO_C: LJMP ML
  221:	  0177	02 00 F9	JMP_TO_D: LJMP ML
  222:	  017A	02 02 1D	JMP_TO_E: LJMP M_E ;CLOCKWISE
  223:	  017D	02 02 01	JMP_TO_F: LJMP M_F ;ANTI-CLOCKWISE
  224:				;---------------------------------------------------------------
  225:
  226:	  0180			M_0:
  227:	  0180	D2 84		SETB LED ; Turn off LED when '0' is pressed
  228:	  0182	30 B5 FB	JNB P3.5,M_0 ;wait for key release
  229:	  0185	7A 01		MOV R2, #01H
  230:	  0187	11 B3		ACALL COMMAND ;clear LCD screen
  231:	  0189	90 05 26	MOV DPTR, #OFF_MSG ;display 'Motor off'
  232:	  018C	11 96		ACALL LCD_PRINT
  233:	  018E	02 02 4C	LJMP MOTOR_0 ;MOTOR OFF STATE
  234:	  0191			M_1:
  235:	  0191	D2 84		SETB LED ; Turn off LED when '0' is pressed
  236:	  0193	30 B4 FB	JNB P3.4,M_1
  237:	  0196	D2 90		SETB P1.0 ;250% DUTY CYCLE
  238:	  0198	D2 93		SETB P1.3
  239:	  019A	C2 94		CLR P1.4
  240:	  019C	7A 01		MOV R2, #01H
  241:	  019E	11 B3		ACALL COMMAND
  242:	  01A0	90 05 30	MOV DPTR, #LVL1
  243:	  01A3	11 96		ACALL LCD_PRINT
  244:	  01A5	90 06 4B	MOV DPTR, #STOP
  245:	  01A8	11 96		ACALL LCD_PRINT
  246:	  01AA	02 02 7E	LJMP MOTOR_1 ;RPM LEVEL 1
  247:
  248:	  01AD			M_2:
  249:	  01AD	D2 84		SETB LED ; Turn off LED when '0' is pressed
  250:	  01AF	30 B5 FB	JNB P3.5,M_2
  251:	  01B2	D2 90		SETB P1.0 ;75% DUTY CYCLE
  252:	  01B4	D2 93		SETB P1.3
  253:	  01B6	C2 94		CLR P1.4
  254:	  01B8	7A 01		MOV R2, #01H
  255:	  01BA	11 B3		ACALL COMMAND
  256:	  01BC	90 05 3F	MOV DPTR, #LVL2
  257:	  01BF	11 96		ACALL LCD_PRINT
  258:	  01C1	90 06 4B	MOV DPTR, #STOP
  259:	  01C4	11 96		ACALL LCD_PRINT
  260:	  01C6	02 03 4E	LJMP MOTOR_2 ;RPM LEVEL 2
  261:
  262:	  01C9			M_3:
  263:	  01C9	D2 84		SETB LED ; Turn off LED when '0' is pressed
  264:	  01CB	30 B6 FB	JNB P3.6,M_3
  265:	  01CE	D2 90		SETB P1.0 ;75% DUTY CYCLE
  266:	  01D0	D2 93		SETB P1.3
  267:	  01D2	C2 94		CLR P1.4

ASEM-51 V1.3                                         Copyright (c) 2002 by W.W. Heinz                                         PAGE 6



 Line  I  Addr  Code            Source

  268:	  01D4	7A 01		MOV R2, #01H
  269:	  01D6	11 B3		ACALL COMMAND
  270:	  01D8	90 05 4F	MOV DPTR, #LVL3
  271:	  01DB	11 96		ACALL LCD_PRINT
  272:	  01DD	90 06 4B	MOV DPTR, #STOP
  273:	  01E0	11 96		ACALL LCD_PRINT
  274:	  01E2	02 03 F8	LJMP MOTOR_3 ;RPM LEVEL 3
  275:
  276:	  01E5			M_A:
  277:	  01E5	D2 84		SETB LED ; Turn off LED when '0' is pressed
  278:	  01E7	30 B7 FB	JNB P3.7,M_A
  279:	  01EA	D2 90		SETB P1.0 ;100% DUTY CYCLE
  280:	  01EC	D2 93		SETB P1.3
  281:	  01EE	C2 94		CLR P1.4
  282:	  01F0	7A 01		MOV R2, #01H
  283:	  01F2	11 B3		ACALL COMMAND
  284:	  01F4	90 05 5F	MOV DPTR, #LVL4
  285:	  01F7	11 96		ACALL LCD_PRINT
  286:	  01F9	90 06 4B	MOV DPTR, #STOP
  287:	  01FC	11 96		ACALL LCD_PRINT
  288:	  01FE	02 04 8B	LJMP MOTOR_4 ;RPM LEVEL 4
  289:				;---------------------------------------------------------------
  290:	  0201			M_F:
  291:	  0201	D2 84		SETB LED ; Turn off LED when '0' is pressed
  292:	  0203	30 B4 FB	JNB P3.4,M_F
  293:	  0206	7A 01		MOV R2, #01H
  294:	  0208	11 B3		ACALL COMMAND
  295:	  020A	90 05 7A	MOV DPTR, #ANTICLK ;Display 'Anticlockwise'
  296:	  020D	11 96		ACALL LCD_PRINT
  297:	  020F	90 06 6C	MOV DPTR, #CLM
  298:	  0212	11 96		ACALL LCD_PRINT
  299:	  0214	D2 90		SETB P1.0
  300:	  0216	D2 94		SETB P1.4 ;anticlockwise rotation
  301:	  0218	C2 93		CLR P1.3
  302:	  021A	02 00 F9	LJMP ML ;scan for new input
  303:
  304:	  021D			M_E:
  305:	  021D	D2 84		SETB LED ; Turn off LED when '0' is pressed
  306:	  021F	30 B6 FB	JNB P3.6,M_E
  307:	  0222	7A 01		MOV R2, #01H
  308:	  0224	11 B3		ACALL COMMAND
  309:	  0226	90 05 70	MOV DPTR, #CLKWISE
  310:	  0229	11 96		ACALL LCD_PRINT
  311:	  022B	90 06 6C	MOV DPTR, #CLM
  312:	  022E	11 96		ACALL LCD_PRINT
  313:	  0230	D2 90		SETB P1.0
  314:	  0232	D2 93		SETB P1.3 ;clockwise rotation (In1=1,In2=0)
  315:	  0234	C2 94		CLR P1.4
  316:	  0236	02 00 F9	LJMP ML
  317:				;---------------------------------------------------------------
  318:				;Delay subroutine for PWM
  319:				;---------------------------------------------------------------
  320:	  0239			DELAYM:
  321:	  0239	7D 01		MOV R5, #1
  322:	  023B	7C 64		Hl: MOV R4, #100
  323:	  023D	7B FF		H2: MOV R3, #255

ASEM-51 V1.3                                         Copyright (c) 2002 by W.W. Heinz                                         PAGE 7



 Line  I  Addr  Code            Source

  324:	  023F	DB FE		H3: DJNZ R3, H3
  325:	  0241	DC FA		DJNZ R4, H2
  326:	  0243	DD F6		DJNZ R5, Hl
  327:	  0245	22		RET
  328:				;---------------------------------------------------------------
  329:	  0246	75 B0 FE	LC: MOV P3, #0FEH ;INITIAL CONDITION
  330:	  0249	02 00 F9	LJMP ML ;SCAN KEYPAD AGAIN
  331:				;---------------------------------------------------------------
  332:	  024C			MOTOR_0:
  333:	  024C	C2 90		CLR P1.0 ;MOTOR OFF
  334:	  024E	C2 93		CLR P1.3
  335:	  0250	C2 94		CLR P1.4
  336:	  0252	30 B4 26	JNB P3.4,LL ;JNB IS SHORT JUMP,
  337:	  0255	30 B5 23	JNB P3.5,LL ;SO LL IS USED AS AN INTERMEDIATE STAGE
  338:	  0258	30 B6 20	JNB P3.6,LL
  339:	  025B	30 B7 1D	JNB P3.7,LL
  340:	  025E	D2 B0		SETB P3.0
  341:	  0260	C2 B3		CLR P3.3 ;CHECK ROW 4 (* 0 # D)
  342:	  0262	30 B4 E1	JNB P3.4,LC ;'*' PRESSED
  343:	  0265	30 B5 DE	JNB P3.5,LC ;'0' PRESSED
  344:	  0268	30 B6 DB	JNB P3.6,LC ;'#' PRESSED
  345:	  026B	D2 B3		SETB P3.3
  346:	  026D	D2 84		SETB LED ; Turn off LED when '0' is pressed
  347:	  026F	C2 95		CLR LED25
  348:	  0271	C2 96		CLR LED50
  349:	  0273	C2 97		CLR LED75
  350:	  0275	C2 83		CLR LED100
  351:	  0277	C2 B0		CLR P3.0 ;AGAIN CHECK ROW 1(1 2 3 A)
  352:	  0279	80 D1		SJMP MOTOR_0
  353:				;---------------------------------------------------------------
  354:	  027B	02 00 F9	LL: LJMP ML ;JUMP TO L1
  355:				;---------------------------------------------------------------
  356:	  027E			MOTOR_1: ;25% DUTY CYCLE
  357:	  027E	D2 84		SETB LED
  358:	  0280	D2 95		SETB LED25
  359:	  0282	C2 96		CLR LED50
  360:	  0284	C2 97		CLR LED75
  361:	  0286	C2 83		CLR LED100
  362:	  0288	D2 90		SETB P1.0
  363:	  028A	D2 93		SETB P1.3
  364:	  028C	C2 94		CLR P1.4
  365:	  028E	51 39		ACALL DELAYM
  366:	  0290	C2 93		CLR P1.3
  367:	  0292	C2 94		CLR P1.4
  368:	  0294	51 39		ACALL DELAYM
  369:	  0296	51 39		ACALL DELAYM
  370:	  0298	51 39		ACALL DELAYM
  371:	  029A	51 39		ACALL DELAYM
  372:	  029C	30 B4 DC	JNB P3.4,LL ;CHECK FOR NEW INPUT
  373:	  029F	30 B5 D9	JNB P3.5,LL ;KEY 1,2,3,A FOR LEVEL 1-4
  374:	  02A2	30 B6 D6	JNB P3.6,LL
  375:	  02A5	30 B7 D3	JNB P3.7,LL
  376:	  02A8	D2 B0		SETB P3.0
  377:	  02AA	C2 B3		CLR P3.3
  378:	  02AC	30 B4 2C	JNB P3.4,ACL1_1 ;'*' FOR ANTI-CLOCKWISE
  379:	  02AF	30 B5 94	JNB P3.5,LC ;GO OUT WHEN '0' IS PRESSED

ASEM-51 V1.3                                         Copyright (c) 2002 by W.W. Heinz                                         PAGE 8



 Line  I  Addr  Code            Source

  380:	  02B2	30 B6 29	JNB P3.6,CL1_1 ;# FOR CLOCKWISE
  381:	  02B5	D2 B3		SETB P3.3
  382:	  02B7	C2 B0		CLR P3.0
  383:
  384:	  02B9	7A 01		MOV R2,#01H
  385:	  02BB	11 B3		ACALL COMMAND
  386:	  02BD	90 05 E4	MOV DPTR,#MSG13 ;Display Starting message
  387:	  02C0	11 96		ACALL LCD_PRINT ;Subroutine for displaying in LCD
  388:	  02C2	90 05 E4	MOV DPTR,#MSG13
  389:	  02C5	11 96		ACALL LCD_PRINT
  390:
  391:	  02C7	7A 01		MOV R2,#01H
  392:	  02C9	11 B3		ACALL COMMAND
  393:	  02CB	90 05 EF	MOV DPTR,#MSG14 ;Display Starting message
  394:	  02CE	11 96		ACALL LCD_PRINT ;Subroutine for displaying in LCD
  395:	  02D0	90 05 FD	MOV DPTR,#MSG15
  396:	  02D3	11 96		ACALL LCD_PRINT
  397:				;JNB P1.0, LIM1
  398:	  02D5	02 01 80	LJMP M_0
  399:
  400:	  02D8	02 02 46	LC1_2: LJMP LC
  401:	  02DB	02 03 49	ACL1_1:LJMP ACL1
  402:	  02DE	02 03 44	CL1_1: LJMP CL1
  403:	  02E1	02 02 7B	LL_2:LJMP LL
  404:
  405:	  02E4			MOTOR_1_ACL: ;25% DUTY CYCLE
  406:	  02E4	D2 84		SETB LED
  407:	  02E6	D2 95		SETB LED25
  408:	  02E8	C2 96		CLR LED50
  409:	  02EA	C2 97		CLR LED75
  410:	  02EC	C2 83		CLR LED100
  411:	  02EE	D2 90		SETB P1.0
  412:	  02F0	D2 94		SETB P1.4
  413:	  02F2	C2 93		CLR P1.3
  414:	  02F4	51 39		ACALL DELAYM
  415:	  02F6	C2 94		CLR P1.4
  416:	  02F8	C2 93		CLR P1.3
  417:	  02FA	51 39		ACALL DELAYM
  418:	  02FC	51 39		ACALL DELAYM
  419:	  02FE	51 39		ACALL DELAYM
  420:	  0300	51 39		ACALL DELAYM
  421:	  0302	30 B4 DC	JNB P3.4,LL_2 ;CHECK FOR NEW INPUT
  422:	  0305	30 B5 D9	JNB P3.5,LL_2 ;KEY 1,2,3,A FOR LEVEL 1-4
  423:	  0308	30 B6 D6	JNB P3.6,LL_2
  424:	  030B	30 B7 D3	JNB P3.7,LL_2
  425:	  030E	D2 B0		SETB P3.0
  426:	  0310	C2 B3		CLR P3.3
  427:	  0312	30 B4 34	JNB P3.4,ACL1 ;'*' FOR ANTI-CLOCKWISE
  428:	  0315	30 B5 C0	JNB P3.5,LC1_2 ;GO OUT WHEN '0' IS PRESSED
  429:	  0318	30 B6 29	JNB P3.6,CL1 ;# FOR CLOCKWISE
  430:	  031B	D2 B3		SETB P3.3
  431:	  031D	C2 B0		CLR P3.0
  432:
  433:	  031F	7A 01		MOV R2,#01H
  434:	  0321	11 B3		ACALL COMMAND
  435:	  0323	90 05 E4	MOV DPTR,#MSG13 ;Display Starting message

ASEM-51 V1.3                                         Copyright (c) 2002 by W.W. Heinz                                         PAGE 9



 Line  I  Addr  Code            Source

  436:	  0326	11 96		ACALL LCD_PRINT ;Subroutine for displaying in LCD
  437:	  0328	90 05 E4	MOV DPTR,#MSG13
  438:	  032B	11 96		ACALL LCD_PRINT
  439:
  440:	  032D	7A 01		MOV R2,#01H
  441:	  032F	11 B3		ACALL COMMAND
  442:	  0331	90 05 EF	MOV DPTR,#MSG14 ;Display Starting message
  443:	  0334	11 96		ACALL LCD_PRINT ;Subroutine for displaying in LCD
  444:	  0336	90 05 FD	MOV DPTR,#MSG15
  445:	  0339	11 96		ACALL LCD_PRINT
  446:
  447:				;JNB P1.0, LIM1A
  448:	  033B	02 01 80	LJMP M_0
  449:
  450:
  451:				;---------------------------------------------------------------
  452:	  033E	02 02 7B	LL_1: LJMP LL
  453:	  0341	02 02 D8	LC1_1: LJMP LC1_2
  454:				;......................................
  455:	  0344	71 DA		CL1:ACALL CL_MAIN ;FOR CLOCKWISE ROTATION
  456:	  0346	02 02 7E	LJMP MOTOR_1 ;CONTINUE SAME RPM LEVEL
  457:	  0349	71 E9		ACL1:ACALL ACL_MAIN
  458:	  034B	02 02 E4	LJMP MOTOR_1_ACL
  459:				;---------------------------------------------------------------
  460:	  034E			MOTOR_2: ;50% DUTY CYCLE
  461:	  034E	D2 84		SETB LED
  462:	  0350	C2 95		CLR LED25
  463:	  0352	C2 97		CLR LED75
  464:	  0354	C2 83		CLR LED100
  465:	  0356	D2 96		SETB LED50
  466:	  0358	D2 90		SETB P1.0
  467:	  035A	D2 93		SETB P1.3
  468:	  035C	C2 94		CLR P1.4
  469:	  035E	51 39		ACALL DELAYM
  470:	  0360	51 39		ACALL DELAYM
  471:	  0362	C2 93		CLR P1.3
  472:	  0364	C2 94		CLR P1.4
  473:	  0366	51 39		ACALL DELAYM
  474:	  0368	51 39		ACALL DELAYM
  475:	  036A	30 B4 D1	JNB P3.4,LL_1
  476:	  036D	30 B5 CE	JNB P3.5,LL_1
  477:	  0370	30 B6 CB	JNB P3.6,LL_1
  478:	  0373	30 B7 C8	JNB P3.7,LL_1
  479:	  0376	D2 B0		SETB P3.0
  480:	  0378	C2 B3		CLR P3.3
  481:	  037A	30 B4 0F	JNB P3.4,ACL2_1 ;'*' pressed
  482:	  037D	30 B5 C1	JNB P3.5,LC1_1
  483:	  0380	30 B6 0C	JNB P3.6,CL2_1
  484:	  0383	D2 B3		SETB P3.3
  485:	  0385	C2 B0		CLR P3.0
  486:	  0387	80 C5		SJMP MOTOR_2
  487:
  488:	  0389	02 03 3E	LL_12:LJMP LL_1
  489:
  490:	  038C	02 03 D2	ACL2_1: LJMP ACL2
  491:	  038F	02 03 CD	CL2_1: LJMP CL2

ASEM-51 V1.3                                        Copyright (c) 2002 by W.W. Heinz                                         PAGE 10



 Line  I  Addr  Code            Source

  492:
  493:	  0392			MOTOR_2_ACL: ;50% DUTY CYCLE
  494:	  0392	D2 84		SETB LED
  495:	  0394	C2 95		CLR LED25
  496:	  0396	C2 97		CLR LED75
  497:	  0398	C2 83		CLR LED100
  498:	  039A	D2 96		SETB LED50
  499:	  039C	D2 90		SETB P1.0
  500:	  039E	D2 94		SETB P1.4
  501:	  03A0	C2 93		CLR P1.3
  502:	  03A2	51 39		ACALL DELAYM
  503:	  03A4	51 39		ACALL DELAYM
  504:	  03A6	C2 94		CLR P1.4
  505:	  03A8	C2 93		CLR P1.3
  506:	  03AA	51 39		ACALL DELAYM
  507:	  03AC	51 39		ACALL DELAYM
  508:	  03AE	30 B4 D8	JNB P3.4,LL_12
  509:	  03B1	30 B5 D5	JNB P3.5,LL_12
  510:	  03B4	30 B6 D2	JNB P3.6,LL_12
  511:	  03B7	30 B7 CF	JNB P3.7,LL_12
  512:	  03BA	D2 B0		SETB P3.0
  513:	  03BC	C2 B3		CLR P3.3
  514:	  03BE	30 B4 11	JNB P3.4,ACL2 ;'*' pressed
  515:	  03C1	30 B5 13	JNB P3.5,LC1
  516:	  03C4	30 B6 06	JNB P3.6,CL2
  517:	  03C7	D2 B3		SETB P3.3
  518:	  03C9	C2 B0		CLR P3.0
  519:	  03CB	80 C5		SJMP MOTOR_2_ACL
  520:
  521:				;---------------------------------------------------------------
  522:	  03CD	71 DA		CL2: ACALL CL_MAIN
  523:	  03CF	02 03 4E	LJMP MOTOR_2
  524:	  03D2	71 E9		ACL2: ACALL ACL_MAIN ;rotation anticlockwise
  525:	  03D4	02 03 92	LJMP MOTOR_2_ACL ;continue with the same RPM
  526:				;---------------------------------------------------------------
  527:	  03D7	02 00 F9	LC1: LJMP ML ;used as a redirect
  528:				;---------------------------------------------------------------
  529:				;CLOCKWISE ROTATION---------------------------------------------
  530:	  03DA			CL_MAIN:
  531:	  03DA	7A 01		MOV R2, #01H
  532:	  03DC	11 B3		ACALL COMMAND
  533:	  03DE	90 05 70	MOV DPTR, #CLKWISE
  534:	  03E1	11 96		ACALL LCD_PRINT
  535:	  03E3	90 06 5B	MOV DPTR, #ACLM
  536:	  03E6	11 96		ACALL LCD_PRINT
  537:	  03E8	22		RET
  538:				;ANTI-CLOCKWISE ROTATION----------------------------------------
  539:	  03E9			ACL_MAIN:
  540:	  03E9	7A 01		MOV R2, #01H
  541:	  03EB	11 B3		ACALL COMMAND
  542:	  03ED	90 05 7A	MOV DPTR, #ANTICLK
  543:	  03F0	11 96		ACALL LCD_PRINT
  544:	  03F2	90 06 6C	MOV DPTR, #CLM
  545:	  03F5	11 96		ACALL LCD_PRINT
  546:	  03F7	22		RET
  547:				;---------------------------------------------------------------

ASEM-51 V1.3                                        Copyright (c) 2002 by W.W. Heinz                                         PAGE 11



 Line  I  Addr  Code            Source

  548:
  549:	  03F8			MOTOR_3: ;75% DUTY CYCLE
  550:	  03F8	D2 84		SETB LED
  551:	  03FA	C2 95		CLR LED25
  552:	  03FC	C2 96		CLR LED50
  553:	  03FE	C2 83		CLR  LED100
  554:	  0400	D2 97		SETB LED75
  555:	  0402	D2 90		SETB P1.0
  556:	  0404	D2 93		SETB P1.3
  557:	  0406	C2 94		CLR P1.4
  558:				;SETB LED75
  559:	  0408	51 39		ACALL DELAYM
  560:	  040A	51 39		ACALL DELAYM
  561:	  040C	51 39		ACALL DELAYM
  562:	  040E	C2 93		CLR P1.3
  563:	  0410	C2 94		CLR P1.4
  564:	  0412	51 39		ACALL DELAYM
  565:	  0414	30 B4 1F	JNB P3.4,LL1_12
  566:	  0417	30 B5 1C	JNB P3.5,LL1_12
  567:	  041A	30 B6 19	JNB P3.6,LL1_12
  568:	  041D	30 B7 16	JNB P3.7,LL1_12
  569:	  0420	D2 B0		SETB P3.0
  570:	  0422	C2 B3		CLR P3.3
  571:	  0424	30 B4 12	JNB P3.4,ACL3_1
  572:	  0427	30 B5 AD	JNB P3.5,LC1
  573:	  042A	30 B6 0F	JNB P3.6,CL3_1
  574:	  042D	D2 B3		SETB P3.3
  575:	  042F	C2 B0		CLR P3.0
  576:	  0431	80 C5		SJMP MOTOR_3
  577:
  578:
  579:	  0433	02 03 D7	LC11_1: LJMP LC1
  580:	  0436	02 04 85	LL1_12:LJMP LL1_1
  581:	  0439	02 04 80	ACL3_1:LJMP ACL3
  582:	  043C	02 04 7B	CL3_1:LJMP CL3
  583:
  584:	  043F			MOTOR_3_ACL: ;75% DUTY CYCLE
  585:	  043F	D2 84		SETB LED
  586:	  0441	C2 95		CLR LED25
  587:	  0443	C2 96		CLR LED50
  588:	  0445	C2 83		CLR  LED100
  589:	  0447	D2 97		SETB LED75
  590:	  0449	D2 90		SETB P1.0
  591:	  044B	D2 94		SETB P1.4
  592:	  044D	C2 93		CLR P1.3
  593:	  044F	51 39		ACALL DELAYM
  594:	  0451	51 39		ACALL DELAYM
  595:	  0453	51 39		ACALL DELAYM
  596:	  0455	C2 94		CLR P1.4
  597:	  0457	C2 93		CLR P1.3
  598:	  0459	51 39		ACALL DELAYM
  599:	  045B	30 B4 27	JNB P3.4,LL1_1
  600:	  045E	30 B5 24	JNB P3.5,LL1_1
  601:	  0461	30 B6 21	JNB P3.6,LL1_1
  602:	  0464	30 B7 1E	JNB P3.7,LL1_1
  603:	  0467	D2 B0		SETB P3.0

ASEM-51 V1.3                                        Copyright (c) 2002 by W.W. Heinz                                         PAGE 12



 Line  I  Addr  Code            Source

  604:	  0469	C2 B3		CLR P3.3
  605:	  046B	30 B4 12	JNB P3.4,ACL3
  606:	  046E	30 B5 C2	JNB P3.5,LC11_1
  607:	  0471	30 B6 07	JNB P3.6,CL3
  608:	  0474	D2 B3		SETB P3.3
  609:	  0476	C2 B0		CLR P3.0
  610:				;JNB P1.0, LIM3A
  611:	  0478	02 04 3F	LJMP MOTOR_3_ACL
  612:
  613:				;---------------------------------------------------------------
  614:	  047B	71 DA		CL3:ACALL CL_MAIN
  615:	  047D	02 03 F8	LJMP MOTOR_3
  616:	  0480	71 E9		ACL3:ACALL ACL_MAIN
  617:	  0482	02 04 3F	LJMP MOTOR_3_ACL
  618:
  619:	  0485	02 04 C4	LL1_1: LJMP LL1_2
  620:	  0488	02 04 33	LC111_1: LJMP LC11_1
  621:				;---------------------------------------------------------------
  622:	  048B			MOTOR_4: ;KEY 'A'
  623:	  048B	C2 95		CLR LED25
  624:	  048D	C2 96		CLR LED50
  625:	  048F	C2 97		CLR LED75
  626:	  0491	D2 83		SETB LED100
  627:	  0493	D2 90		SETB P1.0 ;100% DUTY CYCLE
  628:	  0495	D2 93		SETB P1.3
  629:	  0497	C2 94		CLR P1.4
  630:	  0499	C2 84		CLR LED ; Turn on buzzer when motor reaches 3000 RPM
  631:
  632:	  049B	51 39		ACALL DELAYM
  633:	  049D	51 39		ACALL DELAYM
  634:	  049F	51 39		ACALL DELAYM
  635:	  04A1	51 39		ACALL DELAYM
  636:	  04A3	30 B4 1E	JNB P3.4,LL1_2
  637:	  04A6	30 B5 1B	JNB P3.5,LL1_2
  638:	  04A9	30 B6 18	JNB P3.6,LL1_2
  639:	  04AC	30 B7 15	JNB P3.7,LL1_2
  640:	  04AF	D2 B0		SETB P3.0
  641:	  04B1	C2 B3		CLR P3.3
  642:	  04B3	30 B4 11	JNB P3.4,ACL4_1
  643:	  04B6	30 B5 CF	JNB P3.5,LC111_1
  644:	  04B9	30 B6 0E	JNB P3.6,CL4_1
  645:	  04BC	D2 B3		SETB P3.3
  646:	  04BE	C2 B0		CLR P3.0
  647:				;JNB P1.0, LIM4
  648:	  04C0	C2 90		CLR P1.0
  649:	  04C2	80 C7		SJMP MOTOR_4
  650:
  651:	  04C4	02 05 13	LL1_2: LJMP LL1
  652:	  04C7	02 05 0F	ACL4_1:LJMP ACL4
  653:	  04CA	02 05 0A	CL4_1: LJMP CL4
  654:	  04CD	02 04 88	LC111_2: LJMP LC111_1
  655:
  656:	  04D0			MOTOR_4_ACL: ;KEY 'A'
  657:	  04D0	C2 95		CLR LED25
  658:	  04D2	C2 96		CLR LED50
  659:	  04D4	C2 97		CLR LED75

ASEM-51 V1.3                                        Copyright (c) 2002 by W.W. Heinz                                         PAGE 13



 Line  I  Addr  Code            Source

  660:	  04D6	D2 83		SETB LED100
  661:	  04D8	D2 90		SETB P1.0 ;100% DUTY CYCLE
  662:	  04DA	D2 94		SETB P1.4
  663:	  04DC	C2 93		CLR P1.3
  664:	  04DE	C2 84		CLR LED ; Turn on buzzer when motor reaches 3000 RPM
  665:	  04E0	51 39		ACALL DELAYM
  666:	  04E2	51 39		ACALL DELAYM
  667:	  04E4	51 39		ACALL DELAYM
  668:	  04E6	51 39		ACALL DELAYM
  669:	  04E8	30 B4 28	JNB P3.4,LL1
  670:	  04EB	30 B5 25	JNB P3.5,LL1
  671:	  04EE	30 B6 22	JNB P3.6,LL1
  672:	  04F1	30 B7 1F	JNB P3.7,LL1
  673:	  04F4	D2 B0		SETB P3.0
  674:	  04F6	C2 B3		CLR P3.3
  675:	  04F8	30 B4 14	JNB P3.4,ACL4
  676:	  04FB	30 B5 CF	JNB P3.5,LC111_2
  677:	  04FE	30 B6 09	JNB P3.6,CL4
  678:	  0501	D2 B3		SETB P3.3
  679:	  0503	C2 B0		CLR P3.0
  680:				;JNB P1.0, LIM4A
  681:	  0505	C2 90		CLR P1.0
  682:	  0507	02 04 D0	LJMP MOTOR_4_ACL
  683:
  684:				;---------------------------------------------------------------
  685:	  050A	71 DA		CL4:ACALL CL_MAIN
  686:	  050C	02 04 8B	LJMP MOTOR_4
  687:	  050F	71 E9		ACL4:ACALL ACL_MAIN
  688:	  0511	80 BD		SJMP MOTOR_4_ACL
  689:				;---------------------------------------------------------------
  690:	  0513	02 00 F9	LL1:LJMP ML
  691:				;---------------------------------------------------------------
  692:
  693:				;Display messages----------------------------------------------------
  694:	  0516	45 4E 54 45	INT_MSG: DB 'ENTER RPM LEVEL',0 ;INITIAL MESSAGE
	  051A	52 20 52 50
	  051E	4D 20 4C 45
	  0522	56 45 4C 00
  695:	  0526	4D 4F 54 4F	OFF_MSG: DB 'MOTOR OFF',0
	  052A	52 20 4F 46
	  052E	46 00
  696:	  0530	4C 31 3A 36	LVL1: DB 'L1:600 RPM,25%',0
	  0534	30 30 20 52
	  0538	50 4D 2C 32
	  053C	35 25 00
  697:	  053F	4C 32 3A 31	LVL2: DB 'L2:1200 RPM,50%',0
	  0543	32 30 30 20
	  0547	52 50 4D 2C
	  054B	35 30 25 00
  698:	  054F	4C 33 3A 31	LVL3: DB 'L3:1800 RPM,75%',0
	  0553	38 30 30 20
	  0557	52 50 4D 2C
	  055B	37 35 25 00
  699:	  055F	4C 34 3A 32	LVL4: DB 'L4:2400 RPM,100%',0
	  0563	34 30 30 20
	  0567	52 50 4D 2C

ASEM-51 V1.3                                        Copyright (c) 2002 by W.W. Heinz                                         PAGE 14



 Line  I  Addr  Code            Source

	  056B	31 30 30 25
	  056F	00
  700:	  0570	43 4C 4F 43	CLKWISE: DB 'CLOCKWISE',0
	  0574	4B 57 49 53
	  0578	45 00
  701:	  057A	41 4E 54 49	ANTICLK: DB 'ANTI-CLOCKWISE',0
	  057E	2D 43 4C 4F
	  0582	43 4B 57 49
	  0586	53 45 00
  702:				;---------------------------------------------------------------
  703:	  0589	45 45 45 2D	MSG:    DB 'EEE-4706',0
	  058D	34 37 30 36
	  0591	00
  704:	  0592	41 31 2D 47	MSG2:   DB 'A1-GROUP-02',0
	  0596	52 4F 55 50
	  059A	2D 30 32 00
  705:	  059E	41 46 49 46	MSG3:   DB 'AFIF',0
	  05A2	00
  706:	  05A3	49 44 3A 31	MSG4:   DB 'ID:141',0
	  05A7	34 31 00
  707:	  05AA	54 41 53 4E	MSG5:   DB 'TASNIA',0
	  05AE	49 41 00
  708:	  05B1	49 44 3A 31	MSG6:   DB 'ID:113',0
	  05B5	31 33 00
  709:	  05B8	46 41 42 42	MSG7:   DB 'FABBIHA',0
	  05BC	49 48 41 00
  710:	  05C0	49 44 3A 31	MSG8:   DB 'ID:105',0
	  05C4	30 35 00
  711:	  05C7	46 41 52 55	MSG9:   DB 'FARUK',0
	  05CB	4B 00
  712:	  05CD	49 44 3A 31	MSG10:   DB 'ID:133',0
	  05D1	33 33 00
  713:	  05D4	53 48 45 52	MSG11:   DB 'SHERIFFO',0
	  05D8	49 46 46 4F
	  05DC	00
  714:	  05DD	49 44 3A 31	MSG12:   DB 'ID:153',0
	  05E1	35 33 00
  715:	  05E4	4F 56 45 52	MSG13:   DB 'OVERLOAD!!',0
	  05E8	4C 4F 41 44
	  05EC	21 21 00
  716:	  05EF	47 4F 49 4E	MSG14:   DB 'GOING TO STOP',0
	  05F3	47 20 54 4F
	  05F7	20 53 54 4F
	  05FB	50 00
  717:	  05FD	54 48 45 20	MSG15:   DB 'THE MOTOR',0
	  0601	4D 4F 54 4F
	  0605	52 00
  718:	  0607	44 43 20 4D	START1: DB 'DC MOTOR WITH',0
	  060B	4F 54 4F 52
	  060F	20 57 49 54
	  0613	48 00
  719:	  0615	53 50 45 45	START2: DB 'SPEED CONTROL',0
	  0619	44 20 43 4F
	  061D	4E 54 52 4F
	  0621	4C 00
  720:	  0623	4D 4F 54 4F	MSG16:   DB 'MOTOR IS OFF',0

ASEM-51 V1.3                                        Copyright (c) 2002 by W.W. Heinz                                         PAGE 15



 Line  I  Addr  Code            Source

	  0627	52 20 49 53
	  062B	20 4F 46 46
	  062F	00
  721:	  0630	4D 4F 54 4F	ACTIVE: DB 'MOTOR IS ON',0
	  0634	52 20 49 53
	  0638	20 4F 4E 00
  722:				;DENY_MSG: DB 'WRONG PASSWORD',0
  723:				;TRY_AGN: DB 'TRY AGAIN',0
  724:	  063C	4C 45 56 45	LEVEL: DB 'LEVELS: 1 TO A',0
	  0640	4C 53 3A 20
	  0644	31 20 54 4F
	  0648	20 41 00
  725:	  064B	50 52 45 53	STOP: DB 'PRESS 0 TO STOP',0
	  064F	53 20 30 20
	  0653	54 4F 20 53
	  0657	54 4F 50 00
  726:	  065B	41 4E 54 49	ACLM: DB 'ANTICLK: PRESS *',0
	  065F	43 4C 4B 3A
	  0663	20 50 52 45
	  0667	53 53 20 2A
	  066B	00
  727:	  066C	43 4C 4B 20	CLM: DB 'CLK    : PRESS #',0
	  0670	20 20 20 3A
	  0674	20 50 52 45
	  0678	53 53 20 23
	  067C	00
  728:	  067D	41 43 4C 3A	ACLCL: DB 'ACL: *     CL: #',0
	  0681	20 2A 20 20
	  0685	20 20 20 43
	  0689	4C 3A 20 23
	  068D	00
  729:				END
  730:





                     register banks used:  ---

                     no errors




ASEM-51 V1.3                                        Copyright (c) 2002 by W.W. Heinz                                         PAGE 16





	       L I S T   O F   S Y M B O L S
	       =============================


SYMBOL				  TYPE     VALUE	LINE
------------------------------------------------------------
??ASEM_51			  NUMBER    8051
??VERSION			  NUMBER    0130
AC				  BIT	      D6
ACC				  DATA	      E0
ACL1				  CODE	    0349	 457
ACL1_1				  CODE	    02DB	 401
ACL2				  CODE	    03D2	 524
ACL2_1				  CODE	    038C	 490
ACL3				  CODE	    0480	 616
ACL3_1				  CODE	    0439	 581
ACL4				  CODE	    050F	 687
ACL4_1				  CODE	    04C7	 652
ACLCL				  CODE	    067D	 728
ACLM				  CODE	    065B	 726
ACL_MAIN			  CODE	    03E9	 539
ACTIVE				  CODE	    0630	 721
ANTICLK				  CODE	    057A	 701
B				  DATA	      F0
CC1				  CODE	    0107	 165
CC2				  CODE	    0119	 176
CC3				  CODE	    012B	 187
CC4				  CODE	    013D	 198
CL1				  CODE	    0344	 455
CL1_1				  CODE	    02DE	 402
CL2				  CODE	    03CD	 522
CL2_1				  CODE	    038F	 491
CL3				  CODE	    047B	 614
CL3_1				  CODE	    043C	 582
CL4				  CODE	    050A	 685
CL4_1				  CODE	    04CA	 653
CLKWISE				  CODE	    0570	 700
CLM				  CODE	    066C	 727
CL_MAIN				  CODE	    03DA	 530
COMMAND				  CODE	    00B3	 112
CY				  BIT	      D7
D1				  CODE	    00C3	 123
DECISION			  CODE	    00CD	 130
DELAY				  CODE	    00C0	 121
DELAYM				  CODE	    0239	 320
DISPLAY				  CODE	    00A8	 104
DPH				  DATA	      83
DPL				  DATA	      82
EA				  BIT	      AF
EN				  NUMBER    0092	  11
ES				  BIT	      AC
ET0				  BIT	      A9
ET1				  BIT	      AB
EX0				  BIT	      A8
EX1				  BIT	      AA
EXIT				  CODE	    00A3	  99

ASEM-51 V1.3                                        Copyright (c) 2002 by W.W. Heinz                                         PAGE 17



SYMBOL				  TYPE     VALUE	LINE
------------------------------------------------------------
EXTI0				  CODE	    0003
EXTI1				  CODE	    0013
F0				  BIT	      D5
H2				  CODE	    023D	 323
H3				  CODE	    023F	 324
HL				  CODE	    023B	 322
IE				  DATA	      A8
IE0				  BIT	      89
IE1				  BIT	      8B
INITIALIZATION			  CODE	    0006	  13
INT0				  BIT	      B2
INT1				  BIT	      B3
INT_MSG				  CODE	    0516	 694
IP				  DATA	      B8
IT0				  BIT	      88
IT1				  BIT	      8A
JMP_TO_0			  CODE	    0150	 208
JMP_TO_1			  CODE	    0153	 209
JMP_TO_2			  CODE	    0156	 210
JMP_TO_3			  CODE	    0159	 211
JMP_TO_4			  CODE	    015C	 212
JMP_TO_5			  CODE	    015F	 213
JMP_TO_6			  CODE	    0162	 214
JMP_TO_7			  CODE	    0165	 215
JMP_TO_8			  CODE	    0168	 216
JMP_TO_9			  CODE	    016B	 217
JMP_TO_A			  CODE	    016E	 218
JMP_TO_B			  CODE	    0171	 219
JMP_TO_C			  CODE	    0174	 220
JMP_TO_D			  CODE	    0177	 221
JMP_TO_E			  CODE	    017A	 222
JMP_TO_F			  CODE	    017D	 223
LC				  CODE	    0246	 329
LC1				  CODE	    03D7	 527
LC111_1				  CODE	    0488	 620
LC111_2				  CODE	    04CD	 654
LC11_1				  CODE	    0433	 579
LC1_1				  CODE	    0341	 453
LC1_2				  CODE	    02D8	 400
LCD_INIT			  CODE	    0014	  22
LCD_PRINT			  CODE	    0096	  89
LED				  NUMBER    0084	   4
LED100				  NUMBER    0083	   8
LED25				  NUMBER    0095	   5
LED50				  NUMBER    0096	   6
LED75				  NUMBER    0097	   7
LEVEL				  CODE	    063C	 724
LL				  CODE	    027B	 354
LL1				  CODE	    0513	 690
LL1_1				  CODE	    0485	 619
LL1_12				  CODE	    0436	 580
LL1_2				  CODE	    04C4	 651
LL_1				  CODE	    033E	 452
LL_12				  CODE	    0389	 488
LL_2				  CODE	    02E1	 403
LOOP				  CODE	    0096	  90

ASEM-51 V1.3                                        Copyright (c) 2002 by W.W. Heinz                                         PAGE 18



SYMBOL				  TYPE     VALUE	LINE
------------------------------------------------------------
LVL1				  CODE	    0530	 696
LVL2				  CODE	    053F	 697
LVL3				  CODE	    054F	 698
LVL4				  CODE	    055F	 699
ML				  CODE	    00F9	 157
MOTOR_0				  CODE	    024C	 332
MOTOR_1				  CODE	    027E	 356
MOTOR_1_ACL			  CODE	    02E4	 405
MOTOR_2				  CODE	    034E	 460
MOTOR_2_ACL			  CODE	    0392	 493
MOTOR_3				  CODE	    03F8	 549
MOTOR_3_ACL			  CODE	    043F	 584
MOTOR_4				  CODE	    048B	 622
MOTOR_4_ACL			  CODE	    04D0	 656
MOTOR_ROTATION			  CODE	    00D0	 134
MSG				  CODE	    0589	 703
MSG10				  CODE	    05CD	 712
MSG11				  CODE	    05D4	 713
MSG12				  CODE	    05DD	 714
MSG13				  CODE	    05E4	 715
MSG14				  CODE	    05EF	 716
MSG15				  CODE	    05FD	 717
MSG16				  CODE	    0623	 720
MSG2				  CODE	    0592	 704
MSG3				  CODE	    059E	 705
MSG4				  CODE	    05A3	 706
MSG5				  CODE	    05AA	 707
MSG6				  CODE	    05B1	 708
MSG7				  CODE	    05B8	 709
MSG8				  CODE	    05C0	 710
MSG9				  CODE	    05C7	 711
M_0				  CODE	    0180	 226
M_1				  CODE	    0191	 234
M_2				  CODE	    01AD	 248
M_3				  CODE	    01C9	 262
M_A				  CODE	    01E5	 276
M_E				  CODE	    021D	 304
M_F				  CODE	    0201	 290
OFF_MSG				  CODE	    0526	 695
OV				  BIT	      D2
P				  BIT	      D0
P0				  DATA	      80
P1				  DATA	      90
P2				  DATA	      A0
P3				  DATA	      B0
PCON				  DATA	      87
PS				  BIT	      BC
PSW				  DATA	      D0
PT0				  BIT	      B9
PT1				  BIT	      BB
PX0				  BIT	      B8
PX1				  BIT	      BA
RB8				  BIT	      9A
RD				  BIT	      B7
REN				  BIT	      9C
RESET				  CODE	    0000

ASEM-51 V1.3                                        Copyright (c) 2002 by W.W. Heinz                                         PAGE 19



SYMBOL				  TYPE     VALUE	LINE
------------------------------------------------------------
RI				  BIT	      98
RS				  NUMBER    0091	  10
RS0				  BIT	      D3
RS1				  BIT	      D4
RXD				  BIT	      B0
SBUF				  DATA	      99
SCON				  DATA	      98
SINT				  CODE	    0023
SM0				  BIT	      9F
SM1				  BIT	      9E
SM2				  BIT	      9D
SP				  DATA	      81
START1				  CODE	    0607	 718
START2				  CODE	    0615	 719
STARTUP_MOTOR			  CODE	    00D6	 139
STOP				  CODE	    064B	 725
T0				  BIT	      B4
T1				  BIT	      B5
TB8				  BIT	      9B
TCON				  DATA	      88
TF0				  BIT	      8D
TF1				  BIT	      8F
TH0				  DATA	      8C
TH1				  DATA	      8D
TI				  BIT	      99
TIMER0				  CODE	    000B
TIMER1				  CODE	    001B
TL0				  DATA	      8A
TL1				  DATA	      8B
TMOD				  DATA	      89
TR0				  BIT	      8C
TR1				  BIT	      8E
TXD				  BIT	      B1
WR				  BIT	      B6
