
ASEM-51 V1.3                                         Copyright (c) 2002 by W.W. Heinz                                         PAGE 1





       MCS-51 Family Macro Assembler   A S E M - 5 1   V 1.3
       =====================================================



	Source File:	E:\IUT\7th semester\EEE-4706\project\finalised files\hardware\speed control of dc motor_A1_G2_HW.asm
	Object File:	E:\IUT\7th semester\EEE-4706\project\finalised files\hardware\speed control of dc motor_A1_G2_HW.hex
	List File:	E:\IUT\7th semester\EEE-4706\project\finalised files\hardware\speed control of dc motor_A1_G2_HW.lst



 Line  I  Addr  Code            Source

    1:		N      0000	ORG 0000H
    2:	  0000	75 81 70	MOV SP, #70H
    3:	  0003	75 D0 00	MOV PSW, #00H
    4:		B      0084	LED EQU P0.4 ; Define BUZZER pin
    5:		B      0095	LED25 EQU P1.5
    6:		B      0096	LED50 EQU P1.6
    7:		B      0097	LED75 EQU P1.7
    8:		B      0083	LED100 EQU P0.3
    9:				;-------------------------------------------------------------
   10:		B      0091	RS EQU P1.1
   11:		B      0092	EN EQU P1.2
   12:				;-------------------------------------------------------------
   13:	  0006			INITIALIZATION:
   14:	  0006	75 80 00	MOV P0, #00H
   15:	  0009	75 90 00	MOV P1, #00H
   16:	  000C	75 A0 00	MOV P2, #00H
   17:	  000F	75 B0 FE	MOV P3, #0FEH ;11111110
   18:	  0012	D2 84		SETB LED
   19:				;-------------------------------------------------------------
   20:
   21:				;--------------------------------------------------------------
   22:	  0014			LCD_INIT:
   23:	  0014	7A 38		MOV R2, #38H ;INITIALIZING LCD, 2 LINES, 5X7 MATRIX
   24:	  0016	11 B3		ACALL COMMAND ;CALLING COMMAND SUBROUTINE
   25:
   26:	  0018	7A 0E		MOV R2, #0EH ;DISPLAY ON, CURSOR ON
   27:	  001A	11 B3		ACALL COMMAND
   28:
   29:	  001C	7A 01		MOV R2, #01H ;CLEARING SCREEN
   30:	  001E	11 B3		ACALL COMMAND
   31:	  0020	74 06		MOV A,#06H ;INCREMENT CURSOR POSITION
   32:	  0022	11 B3		ACALL COMMAND
   33:	  0024	7A 80		MOV R2, #80H ;CURSOR AT START OF 1ST LINE
   34:	  0026	11 B3		ACALL COMMAND
   35:	  0028	74 3C		MOV A,#3CH
   36:	  002A	11 B3		ACALL COMMAND
   37:	  002C	90 05 71	MOV DPTR,#MSG ;Display Starting message
   38:	  002F	11 96		ACALL LCD_PRINT ;Subroutine for displaying in LCD
   39:	  0031	90 05 7A	MOV DPTR,#MSG2
   40:	  0034	11 96		ACALL LCD_PRINT
   41:	  0036	7A 01		MOV R2,#01H
   42:	  0038	11 B3		ACALL COMMAND
   43:	  003A	90 05 86	MOV DPTR,#MSG3 ;Display Starting message

ASEM-51 V1.3                                         Copyright (c) 2002 by W.W. Heinz                                         PAGE 2



 Line  I  Addr  Code            Source

   44:	  003D	11 96		ACALL LCD_PRINT ;Subroutine for displaying in LCD
   45:	  003F	90 05 8B	MOV DPTR,#MSG4
   46:	  0042	11 96		ACALL LCD_PRINT
   47:
   48:	  0044	7A 01		MOV R2,#01H
   49:	  0046	11 B3		ACALL COMMAND
   50:	  0048	90 05 92	MOV DPTR,#MSG5 ;Display Starting message
   51:	  004B	11 96		ACALL LCD_PRINT ;Subroutine for displaying in LCD
   52:	  004D	90 05 99	MOV DPTR,#MSG6
   53:	  0050	11 96		ACALL LCD_PRINT
   54:
   55:	  0052	7A 01		MOV R2,#01H
   56:	  0054	11 B3		ACALL COMMAND
   57:	  0056	90 05 A0	MOV DPTR,#MSG7 ;Display Starting message
   58:	  0059	11 96		ACALL LCD_PRINT ;Subroutine for displaying in LCD
   59:	  005B	90 05 A8	MOV DPTR,#MSG8
   60:	  005E	11 96		ACALL LCD_PRINT
   61:
   62:	  0060	7A 01		MOV R2,#01H
   63:	  0062	11 B3		ACALL COMMAND
   64:	  0064	90 05 AF	MOV DPTR,#MSG9 ;Display Starting message
   65:	  0067	11 96		ACALL LCD_PRINT ;Subroutine for displaying in LCD
   66:	  0069	90 05 B5	MOV DPTR,#MSG10
   67:	  006C	11 96		ACALL LCD_PRINT
   68:
   69:	  006E	7A 01		MOV R2,#01H
   70:	  0070	11 B3		ACALL COMMAND
   71:	  0072	90 05 BC	MOV DPTR,#MSG11 ;Display Starting message
   72:	  0075	11 96		ACALL LCD_PRINT ;Subroutine for displaying in LCD
   73:	  0077	90 05 C5	MOV DPTR,#MSG12
   74:	  007A	11 96		ACALL LCD_PRINT
   75:
   76:	  007C	7A 01		MOV R2, #01H
   77:	  007E	11 B3		ACALL COMMAND
   78:	  0080	90 05 EF	MOV DPTR,#START1 ;Display Starting message
   79:	  0083	11 96		ACALL LCD_PRINT ;Subroutine for displaying in LCD
   80:	  0085	90 05 FD	MOV DPTR,#START2
   81:	  0088	11 96		ACALL LCD_PRINT
   82:	  008A	7A 01		MOV R2, #01H
   83:	  008C	11 B3		ACALL COMMAND
   84:	  008E	90 06 18	MOV DPTR,#ACTIVE
   85:	  0091	11 96		ACALL LCD_PRINT
   86:	  0093	02 00 CD	LJMP DECISION
   87:
   88:				;LCD display subroutine-----------------------------------------
   89:	  0096			LCD_PRINT:
   90:	  0096			LOOP:
   91:	  0096	E4		CLR A
   92:	  0097	93		MOVC A, @A+DPTR
   93:	  0098	FA		MOV R2, A
   94:	  0099	60 08		JZ EXIT ;stop writing when null char is detected
   95:	  009B	11 A8		ACALL DISPLAY ;main display part
   96:	  009D	11 C0		ACALL DELAY ;giving a short delay for LCD
   97:	  009F	A3		INC DPTR
   98:	  00A0	02 00 96	LJMP LOOP
   99:	  00A3			EXIT:

ASEM-51 V1.3                                         Copyright (c) 2002 by W.W. Heinz                                         PAGE 3



 Line  I  Addr  Code            Source

  100:	  00A3	7A C0		MOV R2, #0C0H ;go to the 2nd line of LCD
  101:	  00A5	11 B3		ACALL COMMAND
  102:	  00A7	22		RET
  103:
  104:	  00A8			DISPLAY:
  105:	  00A8	8A A0		MOV P2, R2 ;subroutine for displaying in LCD
  106:	  00AA	D2 91		SETB RS ;RW is grounded in Hardware
  107:	  00AC	D2 92		SETB EN
  108:	  00AE	11 C0		ACALL DELAY
  109:	  00B0	C2 92		CLR EN
  110:	  00B2	22		RET
  111:				;---------------------------------------------------------------
  112:	  00B3			COMMAND:
  113:	  00B3	8A A0		MOV P2, R2 ;giving instructions to LCD
  114:	  00B5	C2 91		CLR RS
  115:	  00B7	D2 92		SETB EN
  116:	  00B9	11 C0		ACALL DELAY
  117:	  00BB	C2 92		CLR EN
  118:	  00BD	11 C0		ACALL DELAY
  119:	  00BF	22		RET
  120:				;---------------------------------------------------------------
  121:	  00C0			DELAY:
  122:	  00C0	75 52 64	MOV 52H, #100 ;50 ms delay (approx)
  123:	  00C3	75 51 FF	D1: MOV 51H, #255
  124:	  00C6	D5 51 FD	DJNZ 51H, $
  125:	  00C9	D5 52 F7	DJNZ 52H, D1
  126:	  00CC	22		RET
  127:				;---------------------------------------------------------------
  128:
  129:				;---------------------------------------------------------------
  130:	  00CD			DECISION:
  131:	  00CD	02 00 D0	LJMP MOTOR_ROTATION ;Start Motor part
  132:
  133:				;MOTOR PART------------------------------------------------------
  134:	  00D0			MOTOR_ROTATION:
  135:	  00D0	D2 90		SETB P1.0
  136:	  00D2	D2 93		SETB P1.3 ;Input to motor driver
  137:	  00D4	C2 94		CLR P1.4 ;Clockwise direction
  138:				;---------------------------------------------------------------
  139:	  00D6			STARTUP_MOTOR:
  140:	  00D6	7A 01		MOV R2, #01H
  141:	  00D8	11 B3		ACALL COMMAND
  142:	  00DA	90 04 FE	MOV DPTR, #INT_MSG ;print 'ENTER RPM LEVEL'
  143:	  00DD	12 00 96	LCALL LCD_PRINT
  144:	  00E0	7A 01		MOV R2, #01H
  145:	  00E2	11 B3		ACALL COMMAND
  146:	  00E4	90 06 24	MOV DPTR, #LEVEL ;print 'LEVEL: 1 TO A'
  147:	  00E7	12 00 96	LCALL LCD_PRINT
  148:	  00EA	12 00 C0	LCALL DELAY
  149:	  00ED	90 06 33	MOV DPTR, #STOP ;print 'PRESS 0 TO STOP'
  150:	  00F0	12 00 96	LCALL LCD_PRINT
  151:	  00F3	90 06 65	MOV DPTR, #ACLCL
  152:	  00F6	12 00 96	LCALL LCD_PRINT
  153:
  154:				;keyboard RPM Input Scanning------------------------------------
  155:				;---------------------------------------------------------------

ASEM-51 V1.3                                         Copyright (c) 2002 by W.W. Heinz                                         PAGE 4



 Line  I  Addr  Code            Source

  156:				;SCANNING ALL COLUMN ------------------------------------------
  157:	  00F9			ML:
  158:	  00F9	30 B0 0B	JNB P3.0, CC1
  159:	  00FC	30 B1 1A	JNB P3.1, CC2
  160:	  00FF	30 B2 29	JNB P3.2, CC3
  161:	  0102	30 B3 38	JNB P3.3, CC4
  162:	  0105	80 F2		SJMP ML
  163:				;---------------------------------------------------------------
  164:				;SCANNING COLUMN1 ----------------------------------------------
  165:	  0107			CC1:
  166:	  0107	30 B4 49	JNB P3.4, JMP_TO_1
  167:	  010A	30 B5 49	JNB P3.5, JMP_TO_2
  168:	  010D	30 B6 49	JNB P3.6, JMP_TO_3
  169:	  0110	30 B7 5B	JNB P3.7, JMP_TO_A
  170:
  171:	  0113	D2 B0		SETB P3.0
  172:	  0115	C2 B1		CLR P3.1
  173:	  0117	80 E0		SJMP ML
  174:				;SCANNING COLUMN2 ---------------------------------------------
  175:
  176:	  0119			CC2:
  177:	  0119	30 B4 40	JNB P3.4, JMP_TO_4
  178:	  011C	30 B5 40	JNB P3.5, JMP_TO_5
  179:	  011F	30 B6 40	JNB P3.6, JMP_TO_6
  180:	  0122	30 B7 4C	JNB P3.7, JMP_TO_B
  181:
  182:	  0125	D2 B1		SETB P3.1
  183:	  0127	C2 B2		CLR P3.2
  184:	  0129	80 CE		SJMP ML
  185:				;SCANNING COLUMN3 ---------------------------------------------
  186:
  187:	  012B			CC3:
  188:	  012B	30 B4 37	JNB P3.4, JMP_TO_7
  189:	  012E	30 B5 37	JNB P3.5, JMP_TO_8
  190:	  0131	30 B6 37	JNB P3.6, JMP_TO_9
  191:	  0134	30 B7 3D	JNB P3.7, JMP_TO_C
  192:
  193:	  0137	D2 B2		SETB P3.2
  194:	  0139	C2 B3		CLR P3.3
  195:	  013B	80 BC		SJMP ML
  196:				;SCANNING COLUMN4 ---------------------------------------------
  197:
  198:	  013D			CC4:
  199:	  013D	30 B4 3D	JNB P3.4, JMP_TO_F
  200:	  0140	30 B5 0D	JNB P3.5, JMP_TO_0
  201:	  0143	30 B6 34	JNB P3.6, JMP_TO_E
  202:	  0146	30 B7 2E	JNB P3.7, JMP_TO_D
  203:
  204:	  0149	D2 B3		SETB P3.3
  205:	  014B	C2 B0		CLR P3.0
  206:	  014D	02 00 F9	LJMP ML
  207:				;---------------------------------------------------------------
  208:	  0150	02 01 80	JMP_TO_0: LJMP M_0 ;MOTOR OFF
  209:	  0153	02 01 91	JMP_TO_1: LJMP M_1 ;LEVEL 1
  210:	  0156	02 01 A7	JMP_TO_2: LJMP M_2 ;LEVEL 2
  211:	  0159	02 01 BD	JMP_TO_3: LJMP M_3 ;LEVEL 3

ASEM-51 V1.3                                         Copyright (c) 2002 by W.W. Heinz                                         PAGE 5



 Line  I  Addr  Code            Source

  212:	  015C	02 00 F9	JMP_TO_4: LJMP ML ;NOT NEEDED
  213:	  015F	02 00 F9	JMP_TO_5: LJMP ML ;continue scanning
  214:	  0162	02 00 F9	JMP_TO_6: LJMP ML
  215:	  0165	02 00 F9	JMP_TO_7: LJMP ML
  216:	  0168	02 00 F9	JMP_TO_8: LJMP ML
  217:	  016B	02 00 F9	JMP_TO_9: LJMP ML
  218:	  016E	02 01 D3	JMP_TO_A: LJMP M_A ;LEVEL 4
  219:	  0171	02 00 F9	JMP_TO_B: LJMP ML
  220:	  0174	02 00 F9	JMP_TO_C: LJMP ML
  221:	  0177	02 00 F9	JMP_TO_D: LJMP ML
  222:	  017A	02 02 05	JMP_TO_E: LJMP M_E ;CLOCKWISE
  223:	  017D	02 01 E9	JMP_TO_F: LJMP M_F ;ANTI-CLOCKWISE
  224:				;---------------------------------------------------------------
  225:
  226:	  0180			M_0:
  227:	  0180	D2 84		SETB LED ; Turn off LED when '0' is pressed
  228:	  0182	30 B5 FB	JNB P3.5,M_0 ;wait for key release
  229:	  0185	7A 01		MOV R2, #01H
  230:	  0187	11 B3		ACALL COMMAND ;clear LCD screen
  231:	  0189	90 05 0E	MOV DPTR, #OFF_MSG ;display 'Motor off'
  232:	  018C	11 96		ACALL LCD_PRINT
  233:	  018E	02 02 34	LJMP MOTOR_0 ;MOTOR OFF STATE
  234:	  0191			M_1:
  235:	  0191	D2 84		SETB LED ; Turn off LED when '0' is pressed
  236:	  0193	30 B4 FB	JNB P3.4,M_1
  237:	  0196	7A 01		MOV R2, #01H
  238:	  0198	11 B3		ACALL COMMAND
  239:	  019A	90 05 18	MOV DPTR, #LVL1
  240:	  019D	11 96		ACALL LCD_PRINT
  241:	  019F	90 06 33	MOV DPTR, #STOP
  242:	  01A2	11 96		ACALL LCD_PRINT
  243:	  01A4	02 02 66	LJMP MOTOR_1 ;RPM LEVEL 1
  244:
  245:	  01A7			M_2:
  246:	  01A7	D2 84		SETB LED ; Turn off LED when '0' is pressed
  247:	  01A9	30 B5 FB	JNB P3.5,M_2
  248:	  01AC	7A 01		MOV R2, #01H
  249:	  01AE	11 B3		ACALL COMMAND
  250:	  01B0	90 05 27	MOV DPTR, #LVL2
  251:	  01B3	11 96		ACALL LCD_PRINT
  252:	  01B5	90 06 33	MOV DPTR, #STOP
  253:	  01B8	11 96		ACALL LCD_PRINT
  254:	  01BA	02 03 36	LJMP MOTOR_2 ;RPM LEVEL 2
  255:
  256:	  01BD			M_3:
  257:	  01BD	D2 84		SETB LED ; Turn off LED when '0' is pressed
  258:	  01BF	30 B6 FB	JNB P3.6,M_3
  259:	  01C2	7A 01		MOV R2, #01H
  260:	  01C4	11 B3		ACALL COMMAND
  261:	  01C6	90 05 37	MOV DPTR, #LVL3
  262:	  01C9	11 96		ACALL LCD_PRINT
  263:	  01CB	90 06 33	MOV DPTR, #STOP
  264:	  01CE	11 96		ACALL LCD_PRINT
  265:	  01D0	02 03 E0	LJMP MOTOR_3 ;RPM LEVEL 3
  266:
  267:	  01D3			M_A:

ASEM-51 V1.3                                         Copyright (c) 2002 by W.W. Heinz                                         PAGE 6



 Line  I  Addr  Code            Source

  268:	  01D3	D2 84		SETB LED ; Turn off LED when '0' is pressed
  269:	  01D5	30 B7 FB	JNB P3.7,M_A
  270:	  01D8	7A 01		MOV R2, #01H
  271:	  01DA	11 B3		ACALL COMMAND
  272:	  01DC	90 05 47	MOV DPTR, #LVL4
  273:	  01DF	11 96		ACALL LCD_PRINT
  274:	  01E1	90 06 33	MOV DPTR, #STOP
  275:	  01E4	11 96		ACALL LCD_PRINT
  276:	  01E6	02 04 73	LJMP MOTOR_4 ;RPM LEVEL 4
  277:				;---------------------------------------------------------------
  278:	  01E9			M_F:
  279:	  01E9	D2 84		SETB LED ; Turn off LED when '0' is pressed
  280:	  01EB	30 B4 FB	JNB P3.4,M_F
  281:	  01EE	7A 01		MOV R2, #01H
  282:	  01F0	11 B3		ACALL COMMAND
  283:	  01F2	90 05 62	MOV DPTR, #ANTICLK ;Display 'Anticlockwise'
  284:	  01F5	11 96		ACALL LCD_PRINT
  285:	  01F7	90 06 54	MOV DPTR, #CLM
  286:	  01FA	11 96		ACALL LCD_PRINT
  287:	  01FC	D2 90		SETB P1.0
  288:	  01FE	D2 94		SETB P1.4 ;anticlockwise rotation
  289:	  0200	C2 93		CLR P1.3
  290:	  0202	02 00 F9	LJMP ML ;scan for new input
  291:
  292:	  0205			M_E:
  293:	  0205	D2 84		SETB LED ; Turn off LED when '0' is pressed
  294:	  0207	30 B6 FB	JNB P3.6,M_E
  295:	  020A	7A 01		MOV R2, #01H
  296:	  020C	11 B3		ACALL COMMAND
  297:	  020E	90 05 58	MOV DPTR, #CLKWISE
  298:	  0211	11 96		ACALL LCD_PRINT
  299:	  0213	90 06 54	MOV DPTR, #CLM
  300:	  0216	11 96		ACALL LCD_PRINT
  301:	  0218	D2 90		SETB P1.0
  302:	  021A	D2 93		SETB P1.3 ;clockwise rotation (In1=1,In2=0)
  303:	  021C	C2 94		CLR P1.4
  304:	  021E	02 00 F9	LJMP ML
  305:				;---------------------------------------------------------------
  306:				;Delay subroutine for PWM
  307:				;---------------------------------------------------------------
  308:	  0221			DELAYM:
  309:	  0221	7D 01		MOV R5, #1
  310:	  0223	7C 64		Hl: MOV R4, #100
  311:	  0225	7B FF		H2: MOV R3, #255
  312:	  0227	DB FE		H3: DJNZ R3, H3
  313:	  0229	DC FA		DJNZ R4, H2
  314:	  022B	DD F6		DJNZ R5, Hl
  315:	  022D	22		RET
  316:				;---------------------------------------------------------------
  317:	  022E	75 B0 FE	LC: MOV P3, #0FEH ;INITIAL CONDITION
  318:	  0231	02 00 F9	LJMP ML ;SCAN KEYPAD AGAIN
  319:				;---------------------------------------------------------------
  320:	  0234			MOTOR_0:
  321:	  0234	C2 90		CLR P1.0 ;MOTOR OFF
  322:	  0236	C2 93		CLR P1.3
  323:	  0238	C2 94		CLR P1.4

ASEM-51 V1.3                                         Copyright (c) 2002 by W.W. Heinz                                         PAGE 7



 Line  I  Addr  Code            Source

  324:	  023A	30 B4 26	JNB P3.4,LL ;JNB IS SHORT JUMP,
  325:	  023D	30 B5 23	JNB P3.5,LL ;SO LL IS USED AS AN INTERMEDIATE STAGE
  326:	  0240	30 B6 20	JNB P3.6,LL
  327:	  0243	30 B7 1D	JNB P3.7,LL
  328:	  0246	D2 B0		SETB P3.0
  329:	  0248	C2 B3		CLR P3.3 ;CHECK ROW 4 (* 0 # D)
  330:	  024A	30 B4 E1	JNB P3.4,LC ;'*' PRESSED
  331:	  024D	30 B5 DE	JNB P3.5,LC ;'0' PRESSED
  332:	  0250	30 B6 DB	JNB P3.6,LC ;'#' PRESSED
  333:	  0253	D2 B3		SETB P3.3
  334:	  0255	D2 84		SETB LED ; Turn off LED when '0' is pressed
  335:	  0257	C2 95		CLR LED25
  336:	  0259	C2 96		CLR LED50
  337:	  025B	C2 97		CLR LED75
  338:	  025D	C2 83		CLR LED100
  339:	  025F	C2 B0		CLR P3.0 ;AGAIN CHECK ROW 1(1 2 3 A)
  340:	  0261	80 D1		SJMP MOTOR_0
  341:				;---------------------------------------------------------------
  342:	  0263	02 00 F9	LL: LJMP ML ;JUMP TO L1
  343:				;---------------------------------------------------------------
  344:	  0266			MOTOR_1: ;25% DUTY CYCLE
  345:	  0266	D2 84		SETB LED
  346:	  0268	D2 95		SETB LED25
  347:	  026A	C2 96		CLR LED50
  348:	  026C	C2 97		CLR LED75
  349:	  026E	C2 83		CLR LED100
  350:	  0270	D2 90		SETB P1.0
  351:	  0272	D2 93		SETB P1.3
  352:	  0274	C2 94		CLR P1.4
  353:	  0276	51 21		ACALL DELAYM
  354:	  0278	C2 93		CLR P1.3
  355:	  027A	C2 94		CLR P1.4
  356:	  027C	51 21		ACALL DELAYM
  357:	  027E	51 21		ACALL DELAYM
  358:	  0280	51 21		ACALL DELAYM
  359:	  0282	51 21		ACALL DELAYM
  360:	  0284	30 B4 DC	JNB P3.4,LL ;CHECK FOR NEW INPUT
  361:	  0287	30 B5 D9	JNB P3.5,LL ;KEY 1,2,3,A FOR LEVEL 1-4
  362:	  028A	30 B6 D6	JNB P3.6,LL
  363:	  028D	30 B7 D3	JNB P3.7,LL
  364:	  0290	D2 B0		SETB P3.0
  365:	  0292	C2 B3		CLR P3.3
  366:	  0294	30 B4 2C	JNB P3.4,ACL1_1 ;'*' FOR ANTI-CLOCKWISE
  367:	  0297	30 B5 94	JNB P3.5,LC ;GO OUT WHEN '0' IS PRESSED
  368:	  029A	30 B6 29	JNB P3.6,CL1_1 ;# FOR CLOCKWISE
  369:	  029D	D2 B3		SETB P3.3
  370:	  029F	C2 B0		CLR P3.0
  371:
  372:	  02A1	7A 01		MOV R2,#01H
  373:	  02A3	11 B3		ACALL COMMAND
  374:	  02A5	90 05 CC	MOV DPTR,#MSG13 ;Display Starting message
  375:	  02A8	11 96		ACALL LCD_PRINT ;Subroutine for displaying in LCD
  376:	  02AA	90 05 CC	MOV DPTR,#MSG13
  377:	  02AD	11 96		ACALL LCD_PRINT
  378:
  379:	  02AF	7A 01		MOV R2,#01H

ASEM-51 V1.3                                         Copyright (c) 2002 by W.W. Heinz                                         PAGE 8



 Line  I  Addr  Code            Source

  380:	  02B1	11 B3		ACALL COMMAND
  381:	  02B3	90 05 D7	MOV DPTR,#MSG14 ;Display Starting message
  382:	  02B6	11 96		ACALL LCD_PRINT ;Subroutine for displaying in LCD
  383:	  02B8	90 05 E5	MOV DPTR,#MSG15
  384:	  02BB	11 96		ACALL LCD_PRINT
  385:				;JNB P1.0, LIM1
  386:	  02BD	02 01 80	LJMP M_0
  387:
  388:	  02C0	02 02 2E	LC1_2: LJMP LC
  389:	  02C3	02 03 31	ACL1_1:LJMP ACL1
  390:	  02C6	02 03 2C	CL1_1: LJMP CL1
  391:	  02C9	02 02 63	LL_2:LJMP LL
  392:
  393:	  02CC			MOTOR_1_ACL: ;25% DUTY CYCLE
  394:	  02CC	D2 84		SETB LED
  395:	  02CE	D2 95		SETB LED25
  396:	  02D0	C2 96		CLR LED50
  397:	  02D2	C2 97		CLR LED75
  398:	  02D4	C2 83		CLR LED100
  399:	  02D6	D2 90		SETB P1.0
  400:	  02D8	D2 94		SETB P1.4
  401:	  02DA	C2 93		CLR P1.3
  402:	  02DC	51 21		ACALL DELAYM
  403:	  02DE	C2 94		CLR P1.4
  404:	  02E0	C2 93		CLR P1.3
  405:	  02E2	51 21		ACALL DELAYM
  406:	  02E4	51 21		ACALL DELAYM
  407:	  02E6	51 21		ACALL DELAYM
  408:	  02E8	51 21		ACALL DELAYM
  409:	  02EA	30 B4 DC	JNB P3.4,LL_2 ;CHECK FOR NEW INPUT
  410:	  02ED	30 B5 D9	JNB P3.5,LL_2 ;KEY 1,2,3,A FOR LEVEL 1-4
  411:	  02F0	30 B6 D6	JNB P3.6,LL_2
  412:	  02F3	30 B7 D3	JNB P3.7,LL_2
  413:	  02F6	D2 B0		SETB P3.0
  414:	  02F8	C2 B3		CLR P3.3
  415:	  02FA	30 B4 34	JNB P3.4,ACL1 ;'*' FOR ANTI-CLOCKWISE
  416:	  02FD	30 B5 C0	JNB P3.5,LC1_2 ;GO OUT WHEN '0' IS PRESSED
  417:	  0300	30 B6 29	JNB P3.6,CL1 ;# FOR CLOCKWISE
  418:	  0303	D2 B3		SETB P3.3
  419:	  0305	C2 B0		CLR P3.0
  420:
  421:	  0307	7A 01		MOV R2,#01H
  422:	  0309	11 B3		ACALL COMMAND
  423:	  030B	90 05 CC	MOV DPTR,#MSG13 ;Display Starting message
  424:	  030E	11 96		ACALL LCD_PRINT ;Subroutine for displaying in LCD
  425:	  0310	90 05 CC	MOV DPTR,#MSG13
  426:	  0313	11 96		ACALL LCD_PRINT
  427:
  428:	  0315	7A 01		MOV R2,#01H
  429:	  0317	11 B3		ACALL COMMAND
  430:	  0319	90 05 D7	MOV DPTR,#MSG14 ;Display Starting message
  431:	  031C	11 96		ACALL LCD_PRINT ;Subroutine for displaying in LCD
  432:	  031E	90 05 E5	MOV DPTR,#MSG15
  433:	  0321	11 96		ACALL LCD_PRINT
  434:
  435:				;JNB P1.0, LIM1A

ASEM-51 V1.3                                         Copyright (c) 2002 by W.W. Heinz                                         PAGE 9



 Line  I  Addr  Code            Source

  436:	  0323	02 01 80	LJMP M_0
  437:
  438:
  439:				;---------------------------------------------------------------
  440:	  0326	02 02 63	LL_1: LJMP LL
  441:	  0329	02 02 C0	LC1_1: LJMP LC1_2
  442:				;......................................
  443:	  032C	71 C2		CL1:ACALL CL_MAIN ;FOR CLOCKWISE ROTATION
  444:	  032E	02 02 66	LJMP MOTOR_1 ;CONTINUE SAME RPM LEVEL
  445:	  0331	71 D1		ACL1:ACALL ACL_MAIN
  446:	  0333	02 02 CC	LJMP MOTOR_1_ACL
  447:				;---------------------------------------------------------------
  448:	  0336			MOTOR_2: ;50% DUTY CYCLE
  449:	  0336	D2 84		SETB LED
  450:	  0338	C2 95		CLR LED25
  451:	  033A	C2 97		CLR LED75
  452:	  033C	C2 83		CLR LED100
  453:	  033E	D2 96		SETB LED50
  454:	  0340	D2 90		SETB P1.0
  455:	  0342	D2 93		SETB P1.3
  456:	  0344	C2 94		CLR P1.4
  457:	  0346	51 21		ACALL DELAYM
  458:	  0348	51 21		ACALL DELAYM
  459:	  034A	C2 93		CLR P1.3
  460:	  034C	C2 94		CLR P1.4
  461:	  034E	51 21		ACALL DELAYM
  462:	  0350	51 21		ACALL DELAYM
  463:	  0352	30 B4 D1	JNB P3.4,LL_1
  464:	  0355	30 B5 CE	JNB P3.5,LL_1
  465:	  0358	30 B6 CB	JNB P3.6,LL_1
  466:	  035B	30 B7 C8	JNB P3.7,LL_1
  467:	  035E	D2 B0		SETB P3.0
  468:	  0360	C2 B3		CLR P3.3
  469:	  0362	30 B4 0F	JNB P3.4,ACL2_1 ;'*' pressed
  470:	  0365	30 B5 C1	JNB P3.5,LC1_1
  471:	  0368	30 B6 0C	JNB P3.6,CL2_1
  472:	  036B	D2 B3		SETB P3.3
  473:	  036D	C2 B0		CLR P3.0
  474:	  036F	80 C5		SJMP MOTOR_2
  475:
  476:	  0371	02 03 26	LL_12:LJMP LL_1
  477:
  478:	  0374	02 03 BA	ACL2_1: LJMP ACL2
  479:	  0377	02 03 B5	CL2_1: LJMP CL2
  480:
  481:	  037A			MOTOR_2_ACL: ;50% DUTY CYCLE
  482:	  037A	D2 84		SETB LED
  483:	  037C	C2 95		CLR LED25
  484:	  037E	C2 97		CLR LED75
  485:	  0380	C2 83		CLR LED100
  486:	  0382	D2 96		SETB LED50
  487:	  0384	D2 90		SETB P1.0
  488:	  0386	D2 94		SETB P1.4
  489:	  0388	C2 93		CLR P1.3
  490:	  038A	51 21		ACALL DELAYM
  491:	  038C	51 21		ACALL DELAYM

ASEM-51 V1.3                                        Copyright (c) 2002 by W.W. Heinz                                         PAGE 10



 Line  I  Addr  Code            Source

  492:	  038E	C2 94		CLR P1.4
  493:	  0390	C2 93		CLR P1.3
  494:	  0392	51 21		ACALL DELAYM
  495:	  0394	51 21		ACALL DELAYM
  496:	  0396	30 B4 D8	JNB P3.4,LL_12
  497:	  0399	30 B5 D5	JNB P3.5,LL_12
  498:	  039C	30 B6 D2	JNB P3.6,LL_12
  499:	  039F	30 B7 CF	JNB P3.7,LL_12
  500:	  03A2	D2 B0		SETB P3.0
  501:	  03A4	C2 B3		CLR P3.3
  502:	  03A6	30 B4 11	JNB P3.4,ACL2 ;'*' pressed
  503:	  03A9	30 B5 13	JNB P3.5,LC1
  504:	  03AC	30 B6 06	JNB P3.6,CL2
  505:	  03AF	D2 B3		SETB P3.3
  506:	  03B1	C2 B0		CLR P3.0
  507:	  03B3	80 C5		SJMP MOTOR_2_ACL
  508:
  509:				;---------------------------------------------------------------
  510:	  03B5	71 C2		CL2: ACALL CL_MAIN
  511:	  03B7	02 03 36	LJMP MOTOR_2
  512:	  03BA	71 D1		ACL2: ACALL ACL_MAIN ;rotation anticlockwise
  513:	  03BC	02 03 7A	LJMP MOTOR_2_ACL ;continue with the same RPM
  514:				;---------------------------------------------------------------
  515:	  03BF	02 00 F9	LC1: LJMP ML ;used as a redirect
  516:				;---------------------------------------------------------------
  517:				;CLOCKWISE ROTATION---------------------------------------------
  518:	  03C2			CL_MAIN:
  519:	  03C2	7A 01		MOV R2, #01H
  520:	  03C4	11 B3		ACALL COMMAND
  521:	  03C6	90 05 58	MOV DPTR, #CLKWISE
  522:	  03C9	11 96		ACALL LCD_PRINT
  523:	  03CB	90 06 43	MOV DPTR, #ACLM
  524:	  03CE	11 96		ACALL LCD_PRINT
  525:	  03D0	22		RET
  526:				;ANTI-CLOCKWISE ROTATION----------------------------------------
  527:	  03D1			ACL_MAIN:
  528:	  03D1	7A 01		MOV R2, #01H
  529:	  03D3	11 B3		ACALL COMMAND
  530:	  03D5	90 05 62	MOV DPTR, #ANTICLK
  531:	  03D8	11 96		ACALL LCD_PRINT
  532:	  03DA	90 06 54	MOV DPTR, #CLM
  533:	  03DD	11 96		ACALL LCD_PRINT
  534:	  03DF	22		RET
  535:				;---------------------------------------------------------------
  536:
  537:	  03E0			MOTOR_3: ;75% DUTY CYCLE
  538:	  03E0	D2 84		SETB LED
  539:	  03E2	C2 95		CLR LED25
  540:	  03E4	C2 96		CLR LED50
  541:	  03E6	C2 83		CLR  LED100
  542:	  03E8	D2 97		SETB LED75
  543:	  03EA	D2 90		SETB P1.0
  544:	  03EC	D2 93		SETB P1.3
  545:	  03EE	C2 94		CLR P1.4
  546:				;SETB LED75
  547:	  03F0	51 21		ACALL DELAYM

ASEM-51 V1.3                                        Copyright (c) 2002 by W.W. Heinz                                         PAGE 11



 Line  I  Addr  Code            Source

  548:	  03F2	51 21		ACALL DELAYM
  549:	  03F4	51 21		ACALL DELAYM
  550:	  03F6	C2 93		CLR P1.3
  551:	  03F8	C2 94		CLR P1.4
  552:	  03FA	51 21		ACALL DELAYM
  553:	  03FC	30 B4 1F	JNB P3.4,LL1_12
  554:	  03FF	30 B5 1C	JNB P3.5,LL1_12
  555:	  0402	30 B6 19	JNB P3.6,LL1_12
  556:	  0405	30 B7 16	JNB P3.7,LL1_12
  557:	  0408	D2 B0		SETB P3.0
  558:	  040A	C2 B3		CLR P3.3
  559:	  040C	30 B4 12	JNB P3.4,ACL3_1
  560:	  040F	30 B5 AD	JNB P3.5,LC1
  561:	  0412	30 B6 0F	JNB P3.6,CL3_1
  562:	  0415	D2 B3		SETB P3.3
  563:	  0417	C2 B0		CLR P3.0
  564:	  0419	80 C5		SJMP MOTOR_3
  565:
  566:
  567:	  041B	02 03 BF	LC11_1: LJMP LC1
  568:	  041E	02 04 6D	LL1_12:LJMP LL1_1
  569:	  0421	02 04 68	ACL3_1:LJMP ACL3
  570:	  0424	02 04 63	CL3_1:LJMP CL3
  571:
  572:	  0427			MOTOR_3_ACL: ;75% DUTY CYCLE
  573:	  0427	D2 84		SETB LED
  574:	  0429	C2 95		CLR LED25
  575:	  042B	C2 96		CLR LED50
  576:	  042D	C2 83		CLR  LED100
  577:	  042F	D2 97		SETB LED75
  578:	  0431	D2 90		SETB P1.0
  579:	  0433	D2 94		SETB P1.4
  580:	  0435	C2 93		CLR P1.3
  581:	  0437	51 21		ACALL DELAYM
  582:	  0439	51 21		ACALL DELAYM
  583:	  043B	51 21		ACALL DELAYM
  584:	  043D	C2 94		CLR P1.4
  585:	  043F	C2 93		CLR P1.3
  586:	  0441	51 21		ACALL DELAYM
  587:	  0443	30 B4 27	JNB P3.4,LL1_1
  588:	  0446	30 B5 24	JNB P3.5,LL1_1
  589:	  0449	30 B6 21	JNB P3.6,LL1_1
  590:	  044C	30 B7 1E	JNB P3.7,LL1_1
  591:	  044F	D2 B0		SETB P3.0
  592:	  0451	C2 B3		CLR P3.3
  593:	  0453	30 B4 12	JNB P3.4,ACL3
  594:	  0456	30 B5 C2	JNB P3.5,LC11_1
  595:	  0459	30 B6 07	JNB P3.6,CL3
  596:	  045C	D2 B3		SETB P3.3
  597:	  045E	C2 B0		CLR P3.0
  598:				;JNB P1.0, LIM3A
  599:	  0460	02 04 27	LJMP MOTOR_3_ACL
  600:
  601:				;---------------------------------------------------------------
  602:	  0463	71 C2		CL3:ACALL CL_MAIN
  603:	  0465	02 03 E0	LJMP MOTOR_3

ASEM-51 V1.3                                        Copyright (c) 2002 by W.W. Heinz                                         PAGE 12



 Line  I  Addr  Code            Source

  604:	  0468	71 D1		ACL3:ACALL ACL_MAIN
  605:	  046A	02 04 27	LJMP MOTOR_3_ACL
  606:
  607:	  046D	02 04 AC	LL1_1: LJMP LL1_2
  608:	  0470	02 04 1B	LC111_1: LJMP LC11_1
  609:				;---------------------------------------------------------------
  610:	  0473			MOTOR_4: ;KEY 'A'
  611:	  0473	C2 95		CLR LED25
  612:	  0475	C2 96		CLR LED50
  613:	  0477	C2 97		CLR LED75
  614:	  0479	D2 83		SETB LED100
  615:	  047B	D2 90		SETB P1.0 ;100% DUTY CYCLE
  616:	  047D	D2 93		SETB P1.3
  617:	  047F	C2 94		CLR P1.4
  618:	  0481	C2 84		CLR LED ; Turn on buzzer when motor reaches 3000 RPM
  619:
  620:	  0483	51 21		ACALL DELAYM
  621:	  0485	51 21		ACALL DELAYM
  622:	  0487	51 21		ACALL DELAYM
  623:	  0489	51 21		ACALL DELAYM
  624:	  048B	30 B4 1E	JNB P3.4,LL1_2
  625:	  048E	30 B5 1B	JNB P3.5,LL1_2
  626:	  0491	30 B6 18	JNB P3.6,LL1_2
  627:	  0494	30 B7 15	JNB P3.7,LL1_2
  628:	  0497	D2 B0		SETB P3.0
  629:	  0499	C2 B3		CLR P3.3
  630:	  049B	30 B4 11	JNB P3.4,ACL4_1
  631:	  049E	30 B5 CF	JNB P3.5,LC111_1
  632:	  04A1	30 B6 0E	JNB P3.6,CL4_1
  633:	  04A4	D2 B3		SETB P3.3
  634:	  04A6	C2 B0		CLR P3.0
  635:				;JNB P1.0, LIM4
  636:	  04A8	C2 90		CLR P1.0
  637:	  04AA	80 C7		SJMP MOTOR_4
  638:
  639:	  04AC	02 04 FB	LL1_2: LJMP LL1
  640:	  04AF	02 04 F7	ACL4_1:LJMP ACL4
  641:	  04B2	02 04 F2	CL4_1: LJMP CL4
  642:	  04B5	02 04 70	LC111_2: LJMP LC111_1
  643:
  644:	  04B8			MOTOR_4_ACL: ;KEY 'A'
  645:	  04B8	C2 95		CLR LED25
  646:	  04BA	C2 96		CLR LED50
  647:	  04BC	C2 97		CLR LED75
  648:	  04BE	D2 83		SETB LED100
  649:	  04C0	D2 90		SETB P1.0 ;100% DUTY CYCLE
  650:	  04C2	D2 94		SETB P1.4
  651:	  04C4	C2 93		CLR P1.3
  652:	  04C6	C2 84		CLR LED ; Turn on buzzer when motor reaches 3000 RPM
  653:	  04C8	51 21		ACALL DELAYM
  654:	  04CA	51 21		ACALL DELAYM
  655:	  04CC	51 21		ACALL DELAYM
  656:	  04CE	51 21		ACALL DELAYM
  657:	  04D0	30 B4 28	JNB P3.4,LL1
  658:	  04D3	30 B5 25	JNB P3.5,LL1
  659:	  04D6	30 B6 22	JNB P3.6,LL1

ASEM-51 V1.3                                        Copyright (c) 2002 by W.W. Heinz                                         PAGE 13



 Line  I  Addr  Code            Source

  660:	  04D9	30 B7 1F	JNB P3.7,LL1
  661:	  04DC	D2 B0		SETB P3.0
  662:	  04DE	C2 B3		CLR P3.3
  663:	  04E0	30 B4 14	JNB P3.4,ACL4
  664:	  04E3	30 B5 CF	JNB P3.5,LC111_2
  665:	  04E6	30 B6 09	JNB P3.6,CL4
  666:	  04E9	D2 B3		SETB P3.3
  667:	  04EB	C2 B0		CLR P3.0
  668:				;JNB P1.0, LIM4A
  669:	  04ED	C2 90		CLR P1.0
  670:	  04EF	02 04 B8	LJMP MOTOR_4_ACL
  671:
  672:				;---------------------------------------------------------------
  673:	  04F2	71 C2		CL4:ACALL CL_MAIN
  674:	  04F4	02 04 73	LJMP MOTOR_4
  675:	  04F7	71 D1		ACL4:ACALL ACL_MAIN
  676:	  04F9	80 BD		SJMP MOTOR_4_ACL
  677:				;---------------------------------------------------------------
  678:	  04FB	02 00 F9	LL1:LJMP ML
  679:				;---------------------------------------------------------------
  680:
  681:				;Display messages----------------------------------------------------
  682:	  04FE	45 4E 54 45	INT_MSG: DB 'ENTER RPM LEVEL',0 ;INITIAL MESSAGE
	  0502	52 20 52 50
	  0506	4D 20 4C 45
	  050A	56 45 4C 00
  683:	  050E	4D 4F 54 4F	OFF_MSG: DB 'MOTOR OFF',0
	  0512	52 20 4F 46
	  0516	46 00
  684:	  0518	4C 31 3A 36	LVL1: DB 'L1:600 RPM,25%',0
	  051C	30 30 20 52
	  0520	50 4D 2C 32
	  0524	35 25 00
  685:	  0527	4C 32 3A 31	LVL2: DB 'L2:1200 RPM,50%',0
	  052B	32 30 30 20
	  052F	52 50 4D 2C
	  0533	35 30 25 00
  686:	  0537	4C 33 3A 31	LVL3: DB 'L3:1800 RPM,75%',0
	  053B	38 30 30 20
	  053F	52 50 4D 2C
	  0543	37 35 25 00
  687:	  0547	4C 34 3A 32	LVL4: DB 'L4:2400 RPM,100%',0
	  054B	34 30 30 20
	  054F	52 50 4D 2C
	  0553	31 30 30 25
	  0557	00
  688:	  0558	43 4C 4F 43	CLKWISE: DB 'CLOCKWISE',0
	  055C	4B 57 49 53
	  0560	45 00
  689:	  0562	41 4E 54 49	ANTICLK: DB 'ANTI-CLOCKWISE',0
	  0566	2D 43 4C 4F
	  056A	43 4B 57 49
	  056E	53 45 00
  690:				;---------------------------------------------------------------
  691:	  0571	45 45 45 2D	MSG:    DB 'EEE-4706',0
	  0575	34 37 30 36

ASEM-51 V1.3                                        Copyright (c) 2002 by W.W. Heinz                                         PAGE 14



 Line  I  Addr  Code            Source

	  0579	00
  692:	  057A	41 31 2D 47	MSG2:   DB 'A1-GROUP-02',0
	  057E	52 4F 55 50
	  0582	2D 30 32 00
  693:	  0586	41 46 49 46	MSG3:   DB 'AFIF',0
	  058A	00
  694:	  058B	49 44 3A 31	MSG4:   DB 'ID:141',0
	  058F	34 31 00
  695:	  0592	54 41 53 4E	MSG5:   DB 'TASNIA',0
	  0596	49 41 00
  696:	  0599	49 44 3A 31	MSG6:   DB 'ID:113',0
	  059D	31 33 00
  697:	  05A0	46 41 42 42	MSG7:   DB 'FABBIHA',0
	  05A4	49 48 41 00
  698:	  05A8	49 44 3A 31	MSG8:   DB 'ID:105',0
	  05AC	30 35 00
  699:	  05AF	46 41 52 55	MSG9:   DB 'FARUK',0
	  05B3	4B 00
  700:	  05B5	49 44 3A 31	MSG10:   DB 'ID:133',0
	  05B9	33 33 00
  701:	  05BC	53 48 45 52	MSG11:   DB 'SHERIFFO',0
	  05C0	49 46 46 4F
	  05C4	00
  702:	  05C5	49 44 3A 31	MSG12:   DB 'ID:153',0
	  05C9	35 33 00
  703:	  05CC	4F 56 45 52	MSG13:   DB 'OVERLOAD!!',0
	  05D0	4C 4F 41 44
	  05D4	21 21 00
  704:	  05D7	47 4F 49 4E	MSG14:   DB 'GOING TO STOP',0
	  05DB	47 20 54 4F
	  05DF	20 53 54 4F
	  05E3	50 00
  705:	  05E5	54 48 45 20	MSG15:   DB 'THE MOTOR',0
	  05E9	4D 4F 54 4F
	  05ED	52 00
  706:	  05EF	44 43 20 4D	START1: DB 'DC MOTOR WITH',0
	  05F3	4F 54 4F 52
	  05F7	20 57 49 54
	  05FB	48 00
  707:	  05FD	53 50 45 45	START2: DB 'SPEED CONTROL',0
	  0601	44 20 43 4F
	  0605	4E 54 52 4F
	  0609	4C 00
  708:	  060B	4D 4F 54 4F	MSG16:   DB 'MOTOR IS OFF',0
	  060F	52 20 49 53
	  0613	20 4F 46 46
	  0617	00
  709:	  0618	4D 4F 54 4F	ACTIVE: DB 'MOTOR IS ON',0
	  061C	52 20 49 53
	  0620	20 4F 4E 00
  710:				;DENY_MSG: DB 'WRONG PASSWORD',0
  711:				;TRY_AGN: DB 'TRY AGAIN',0
  712:	  0624	4C 45 56 45	LEVEL: DB 'LEVELS: 1 TO A',0
	  0628	4C 53 3A 20
	  062C	31 20 54 4F
	  0630	20 41 00

ASEM-51 V1.3                                        Copyright (c) 2002 by W.W. Heinz                                         PAGE 15



 Line  I  Addr  Code            Source

  713:	  0633	50 52 45 53	STOP: DB 'PRESS 0 TO STOP',0
	  0637	53 20 30 20
	  063B	54 4F 20 53
	  063F	54 4F 50 00
  714:	  0643	41 4E 54 49	ACLM: DB 'ANTICLK: PRESS *',0
	  0647	43 4C 4B 3A
	  064B	20 50 52 45
	  064F	53 53 20 2A
	  0653	00
  715:	  0654	43 4C 4B 20	CLM: DB 'CLK    : PRESS #',0
	  0658	20 20 20 3A
	  065C	20 50 52 45
	  0660	53 53 20 23
	  0664	00
  716:	  0665	41 43 4C 3A	ACLCL: DB 'ACL: *     CL: #',0
	  0669	20 2A 20 20
	  066D	20 20 20 43
	  0671	4C 3A 20 23
	  0675	00
  717:				END
  718:





                     register banks used:  ---

                     no errors




ASEM-51 V1.3                                        Copyright (c) 2002 by W.W. Heinz                                         PAGE 16





	       L I S T   O F   S Y M B O L S
	       =============================


SYMBOL				  TYPE     VALUE	LINE
------------------------------------------------------------
??ASEM_51			  NUMBER    8051
??VERSION			  NUMBER    0130
AC				  BIT	      D6
ACC				  DATA	      E0
ACL1				  CODE	    0331	 445
ACL1_1				  CODE	    02C3	 389
ACL2				  CODE	    03BA	 512
ACL2_1				  CODE	    0374	 478
ACL3				  CODE	    0468	 604
ACL3_1				  CODE	    0421	 569
ACL4				  CODE	    04F7	 675
ACL4_1				  CODE	    04AF	 640
ACLCL				  CODE	    0665	 716
ACLM				  CODE	    0643	 714
ACL_MAIN			  CODE	    03D1	 527
ACTIVE				  CODE	    0618	 709
ANTICLK				  CODE	    0562	 689
B				  DATA	      F0
CC1				  CODE	    0107	 165
CC2				  CODE	    0119	 176
CC3				  CODE	    012B	 187
CC4				  CODE	    013D	 198
CL1				  CODE	    032C	 443
CL1_1				  CODE	    02C6	 390
CL2				  CODE	    03B5	 510
CL2_1				  CODE	    0377	 479
CL3				  CODE	    0463	 602
CL3_1				  CODE	    0424	 570
CL4				  CODE	    04F2	 673
CL4_1				  CODE	    04B2	 641
CLKWISE				  CODE	    0558	 688
CLM				  CODE	    0654	 715
CL_MAIN				  CODE	    03C2	 518
COMMAND				  CODE	    00B3	 112
CY				  BIT	      D7
D1				  CODE	    00C3	 123
DECISION			  CODE	    00CD	 130
DELAY				  CODE	    00C0	 121
DELAYM				  CODE	    0221	 308
DISPLAY				  CODE	    00A8	 104
DPH				  DATA	      83
DPL				  DATA	      82
EA				  BIT	      AF
EN				  NUMBER    0092	  11
ES				  BIT	      AC
ET0				  BIT	      A9
ET1				  BIT	      AB
EX0				  BIT	      A8
EX1				  BIT	      AA
EXIT				  CODE	    00A3	  99

ASEM-51 V1.3                                        Copyright (c) 2002 by W.W. Heinz                                         PAGE 17



SYMBOL				  TYPE     VALUE	LINE
------------------------------------------------------------
EXTI0				  CODE	    0003
EXTI1				  CODE	    0013
F0				  BIT	      D5
H2				  CODE	    0225	 311
H3				  CODE	    0227	 312
HL				  CODE	    0223	 310
IE				  DATA	      A8
IE0				  BIT	      89
IE1				  BIT	      8B
INITIALIZATION			  CODE	    0006	  13
INT0				  BIT	      B2
INT1				  BIT	      B3
INT_MSG				  CODE	    04FE	 682
IP				  DATA	      B8
IT0				  BIT	      88
IT1				  BIT	      8A
JMP_TO_0			  CODE	    0150	 208
JMP_TO_1			  CODE	    0153	 209
JMP_TO_2			  CODE	    0156	 210
JMP_TO_3			  CODE	    0159	 211
JMP_TO_4			  CODE	    015C	 212
JMP_TO_5			  CODE	    015F	 213
JMP_TO_6			  CODE	    0162	 214
JMP_TO_7			  CODE	    0165	 215
JMP_TO_8			  CODE	    0168	 216
JMP_TO_9			  CODE	    016B	 217
JMP_TO_A			  CODE	    016E	 218
JMP_TO_B			  CODE	    0171	 219
JMP_TO_C			  CODE	    0174	 220
JMP_TO_D			  CODE	    0177	 221
JMP_TO_E			  CODE	    017A	 222
JMP_TO_F			  CODE	    017D	 223
LC				  CODE	    022E	 317
LC1				  CODE	    03BF	 515
LC111_1				  CODE	    0470	 608
LC111_2				  CODE	    04B5	 642
LC11_1				  CODE	    041B	 567
LC1_1				  CODE	    0329	 441
LC1_2				  CODE	    02C0	 388
LCD_INIT			  CODE	    0014	  22
LCD_PRINT			  CODE	    0096	  89
LED				  NUMBER    0084	   4
LED100				  NUMBER    0083	   8
LED25				  NUMBER    0095	   5
LED50				  NUMBER    0096	   6
LED75				  NUMBER    0097	   7
LEVEL				  CODE	    0624	 712
LL				  CODE	    0263	 342
LL1				  CODE	    04FB	 678
LL1_1				  CODE	    046D	 607
LL1_12				  CODE	    041E	 568
LL1_2				  CODE	    04AC	 639
LL_1				  CODE	    0326	 440
LL_12				  CODE	    0371	 476
LL_2				  CODE	    02C9	 391
LOOP				  CODE	    0096	  90

ASEM-51 V1.3                                        Copyright (c) 2002 by W.W. Heinz                                         PAGE 18



SYMBOL				  TYPE     VALUE	LINE
------------------------------------------------------------
LVL1				  CODE	    0518	 684
LVL2				  CODE	    0527	 685
LVL3				  CODE	    0537	 686
LVL4				  CODE	    0547	 687
ML				  CODE	    00F9	 157
MOTOR_0				  CODE	    0234	 320
MOTOR_1				  CODE	    0266	 344
MOTOR_1_ACL			  CODE	    02CC	 393
MOTOR_2				  CODE	    0336	 448
MOTOR_2_ACL			  CODE	    037A	 481
MOTOR_3				  CODE	    03E0	 537
MOTOR_3_ACL			  CODE	    0427	 572
MOTOR_4				  CODE	    0473	 610
MOTOR_4_ACL			  CODE	    04B8	 644
MOTOR_ROTATION			  CODE	    00D0	 134
MSG				  CODE	    0571	 691
MSG10				  CODE	    05B5	 700
MSG11				  CODE	    05BC	 701
MSG12				  CODE	    05C5	 702
MSG13				  CODE	    05CC	 703
MSG14				  CODE	    05D7	 704
MSG15				  CODE	    05E5	 705
MSG16				  CODE	    060B	 708
MSG2				  CODE	    057A	 692
MSG3				  CODE	    0586	 693
MSG4				  CODE	    058B	 694
MSG5				  CODE	    0592	 695
MSG6				  CODE	    0599	 696
MSG7				  CODE	    05A0	 697
MSG8				  CODE	    05A8	 698
MSG9				  CODE	    05AF	 699
M_0				  CODE	    0180	 226
M_1				  CODE	    0191	 234
M_2				  CODE	    01A7	 245
M_3				  CODE	    01BD	 256
M_A				  CODE	    01D3	 267
M_E				  CODE	    0205	 292
M_F				  CODE	    01E9	 278
OFF_MSG				  CODE	    050E	 683
OV				  BIT	      D2
P				  BIT	      D0
P0				  DATA	      80
P1				  DATA	      90
P2				  DATA	      A0
P3				  DATA	      B0
PCON				  DATA	      87
PS				  BIT	      BC
PSW				  DATA	      D0
PT0				  BIT	      B9
PT1				  BIT	      BB
PX0				  BIT	      B8
PX1				  BIT	      BA
RB8				  BIT	      9A
RD				  BIT	      B7
REN				  BIT	      9C
RESET				  CODE	    0000

ASEM-51 V1.3                                        Copyright (c) 2002 by W.W. Heinz                                         PAGE 19



SYMBOL				  TYPE     VALUE	LINE
------------------------------------------------------------
RI				  BIT	      98
RS				  NUMBER    0091	  10
RS0				  BIT	      D3
RS1				  BIT	      D4
RXD				  BIT	      B0
SBUF				  DATA	      99
SCON				  DATA	      98
SINT				  CODE	    0023
SM0				  BIT	      9F
SM1				  BIT	      9E
SM2				  BIT	      9D
SP				  DATA	      81
START1				  CODE	    05EF	 706
START2				  CODE	    05FD	 707
STARTUP_MOTOR			  CODE	    00D6	 139
STOP				  CODE	    0633	 713
T0				  BIT	      B4
T1				  BIT	      B5
TB8				  BIT	      9B
TCON				  DATA	      88
TF0				  BIT	      8D
TF1				  BIT	      8F
TH0				  DATA	      8C
TH1				  DATA	      8D
TI				  BIT	      99
TIMER0				  CODE	    000B
TIMER1				  CODE	    001B
TL0				  DATA	      8A
TL1				  DATA	      8B
TMOD				  DATA	      89
TR0				  BIT	      8C
TR1				  BIT	      8E
TXD				  BIT	      B1
WR				  BIT	      B6
